CRITICAL - 2022-02-25 08:17:55 --> Undefined property: stdClass::$Paterno
#0 C:\xampp\htdocs\code4\app\Views\listado.php(49): CodeIgniter\Debug\Exceptions->errorHandler(2, 'Undefined prope...', 'C:\\xampp\\htdocs...', 49)
#1 C:\xampp\htdocs\code4\system\View\View.php(210): include('C:\\xampp\\htdocs...')
#2 C:\xampp\htdocs\code4\system\View\View.php(213): CodeIgniter\View\View->CodeIgniter\View\{closure}()
#3 C:\xampp\htdocs\code4\system\Common.php(1089): CodeIgniter\View\View->render('listado', Array, true)
#4 C:\xampp\htdocs\code4\app\Controllers\Crud.php(21): view('listado', Array)
#5 C:\xampp\htdocs\code4\system\CodeIgniter.php(825): App\Controllers\Crud->index()
#6 C:\xampp\htdocs\code4\system\CodeIgniter.php(412): CodeIgniter\CodeIgniter->runController(Object(App\Controllers\Crud))
#7 C:\xampp\htdocs\code4\system\CodeIgniter.php(320): CodeIgniter\CodeIgniter->handleRequest(NULL, Object(Config\Cache), false)
#8 C:\xampp\htdocs\code4\public\index.php(37): CodeIgniter\CodeIgniter->run()
#9 {main}
CRITICAL - 2022-02-25 08:18:22 --> Undefined property: stdClass::$Paterno
#0 C:\xampp\htdocs\code4\app\Views\listado.php(49): CodeIgniter\Debug\Exceptions->errorHandler(2, 'Undefined prope...', 'C:\\xampp\\htdocs...', 49)
#1 C:\xampp\htdocs\code4\system\View\View.php(210): include('C:\\xampp\\htdocs...')
#2 C:\xampp\htdocs\code4\system\View\View.php(213): CodeIgniter\View\View->CodeIgniter\View\{closure}()
#3 C:\xampp\htdocs\code4\system\Common.php(1089): CodeIgniter\View\View->render('listado', Array, true)
#4 C:\xampp\htdocs\code4\app\Controllers\Crud.php(21): view('listado', Array)
#5 C:\xampp\htdocs\code4\system\CodeIgniter.php(825): App\Controllers\Crud->index()
#6 C:\xampp\htdocs\code4\system\CodeIgniter.php(412): CodeIgniter\CodeIgniter->runController(Object(App\Controllers\Crud))
#7 C:\xampp\htdocs\code4\system\CodeIgniter.php(320): CodeIgniter\CodeIgniter->handleRequest(NULL, Object(Config\Cache), false)
#8 C:\xampp\htdocs\code4\public\index.php(37): CodeIgniter\CodeIgniter->run()
#9 {main}
CRITICAL - 2022-02-25 08:19:01 --> Undefined property: stdClass::$Paterno
#0 C:\xampp\htdocs\code4\app\Views\listado.php(51): CodeIgniter\Debug\Exceptions->errorHandler(2, 'Undefined prope...', 'C:\\xampp\\htdocs...', 51)
#1 C:\xampp\htdocs\code4\system\View\View.php(210): include('C:\\xampp\\htdocs...')
#2 C:\xampp\htdocs\code4\system\View\View.php(213): CodeIgniter\View\View->CodeIgniter\View\{closure}()
#3 C:\xampp\htdocs\code4\system\Common.php(1089): CodeIgniter\View\View->render('listado', Array, true)
#4 C:\xampp\htdocs\code4\app\Controllers\Crud.php(21): view('listado', Array)
#5 C:\xampp\htdocs\code4\system\CodeIgniter.php(825): App\Controllers\Crud->index()
#6 C:\xampp\htdocs\code4\system\CodeIgniter.php(412): CodeIgniter\CodeIgniter->runController(Object(App\Controllers\Crud))
#7 C:\xampp\htdocs\code4\system\CodeIgniter.php(320): CodeIgniter\CodeIgniter->handleRequest(NULL, Object(Config\Cache), false)
#8 C:\xampp\htdocs\code4\public\index.php(37): CodeIgniter\CodeIgniter->run()
#9 {main}
CRITICAL - 2022-02-25 08:19:02 --> Undefined property: stdClass::$Paterno
#0 C:\xampp\htdocs\code4\app\Views\listado.php(51): CodeIgniter\Debug\Exceptions->errorHandler(2, 'Undefined prope...', 'C:\\xampp\\htdocs...', 51)
#1 C:\xampp\htdocs\code4\system\View\View.php(210): include('C:\\xampp\\htdocs...')
#2 C:\xampp\htdocs\code4\system\View\View.php(213): CodeIgniter\View\View->CodeIgniter\View\{closure}()
#3 C:\xampp\htdocs\code4\system\Common.php(1089): CodeIgniter\View\View->render('listado', Array, true)
#4 C:\xampp\htdocs\code4\app\Controllers\Crud.php(21): view('listado', Array)
#5 C:\xampp\htdocs\code4\system\CodeIgniter.php(825): App\Controllers\Crud->index()
#6 C:\xampp\htdocs\code4\system\CodeIgniter.php(412): CodeIgniter\CodeIgniter->runController(Object(App\Controllers\Crud))
#7 C:\xampp\htdocs\code4\system\CodeIgniter.php(320): CodeIgniter\CodeIgniter->handleRequest(NULL, Object(Config\Cache), false)
#8 C:\xampp\htdocs\code4\public\index.php(37): CodeIgniter\CodeIgniter->run()
#9 {main}
CRITICAL - 2022-02-25 08:19:03 --> Undefined property: stdClass::$Paterno
#0 C:\xampp\htdocs\code4\app\Views\listado.php(51): CodeIgniter\Debug\Exceptions->errorHandler(2, 'Undefined prope...', 'C:\\xampp\\htdocs...', 51)
#1 C:\xampp\htdocs\code4\system\View\View.php(210): include('C:\\xampp\\htdocs...')
#2 C:\xampp\htdocs\code4\system\View\View.php(213): CodeIgniter\View\View->CodeIgniter\View\{closure}()
#3 C:\xampp\htdocs\code4\system\Common.php(1089): CodeIgniter\View\View->render('listado', Array, true)
#4 C:\xampp\htdocs\code4\app\Controllers\Crud.php(21): view('listado', Array)
#5 C:\xampp\htdocs\code4\system\CodeIgniter.php(825): App\Controllers\Crud->index()
#6 C:\xampp\htdocs\code4\system\CodeIgniter.php(412): CodeIgniter\CodeIgniter->runController(Object(App\Controllers\Crud))
#7 C:\xampp\htdocs\code4\system\CodeIgniter.php(320): CodeIgniter\CodeIgniter->handleRequest(NULL, Object(Config\Cache), false)
#8 C:\xampp\htdocs\code4\public\index.php(37): CodeIgniter\CodeIgniter->run()
#9 {main}
CRITICAL - 2022-02-25 08:44:51 --> Undefined variable $POST
#0 C:\xampp\htdocs\code4\app\Controllers\Crud.php(29): CodeIgniter\Debug\Exceptions->errorHandler(2, 'Undefined varia...', 'C:\\xampp\\htdocs...', 29)
#1 C:\xampp\htdocs\code4\system\CodeIgniter.php(825): App\Controllers\Crud->crear()
#2 C:\xampp\htdocs\code4\system\CodeIgniter.php(412): CodeIgniter\CodeIgniter->runController(Object(App\Controllers\Crud))
#3 C:\xampp\htdocs\code4\system\CodeIgniter.php(320): CodeIgniter\CodeIgniter->handleRequest(NULL, Object(Config\Cache), false)
#4 C:\xampp\htdocs\code4\public\index.php(37): CodeIgniter\CodeIgniter->run()
#5 {main}
CRITICAL - 2022-02-25 08:50:28 --> syntax error, unexpected token "}", expecting "," or ";"
#0 C:\xampp\htdocs\code4\system\Autoloader\Autoloader.php(241): CodeIgniter\Autoloader\Autoloader->includeFile('C:\\xampp\\htdocs...')
#1 C:\xampp\htdocs\code4\system\Autoloader\Autoloader.php(219): CodeIgniter\Autoloader\Autoloader->loadInNamespace('App\\Controllers...')
#2 [internal function]: CodeIgniter\Autoloader\Autoloader->loadClass('App\\Controllers...')
#3 C:\xampp\htdocs\code4\system\CodeIgniter.php(790): class_exists('\\App\\Controller...', true)
#4 C:\xampp\htdocs\code4\system\CodeIgniter.php(399): CodeIgniter\CodeIgniter->startController()
#5 C:\xampp\htdocs\code4\system\CodeIgniter.php(320): CodeIgniter\CodeIgniter->handleRequest(NULL, Object(Config\Cache), false)
#6 C:\xampp\htdocs\code4\public\index.php(37): CodeIgniter\CodeIgniter->run()
#7 {main}
CRITICAL - 2022-02-25 08:50:42 --> Undefined constant "App\Models\t_personas"
#0 C:\xampp\htdocs\code4\app\Controllers\Crud.php(38): App\Models\CrudModel->insertar(Array)
#1 C:\xampp\htdocs\code4\system\CodeIgniter.php(825): App\Controllers\Crud->crear()
#2 C:\xampp\htdocs\code4\system\CodeIgniter.php(412): CodeIgniter\CodeIgniter->runController(Object(App\Controllers\Crud))
#3 C:\xampp\htdocs\code4\system\CodeIgniter.php(320): CodeIgniter\CodeIgniter->handleRequest(NULL, Object(Config\Cache), false)
#4 C:\xampp\htdocs\code4\public\index.php(37): CodeIgniter\CodeIgniter->run()
#5 {main}
CRITICAL - 2022-02-25 08:51:09 --> Call to undefined function App\Models\insert()
#0 C:\xampp\htdocs\code4\app\Controllers\Crud.php(38): App\Models\CrudModel->insertar(Array)
#1 C:\xampp\htdocs\code4\system\CodeIgniter.php(825): App\Controllers\Crud->crear()
#2 C:\xampp\htdocs\code4\system\CodeIgniter.php(412): CodeIgniter\CodeIgniter->runController(Object(App\Controllers\Crud))
#3 C:\xampp\htdocs\code4\system\CodeIgniter.php(320): CodeIgniter\CodeIgniter->handleRequest(NULL, Object(Config\Cache), false)
#4 C:\xampp\htdocs\code4\public\index.php(37): CodeIgniter\CodeIgniter->run()
#5 {main}
CRITICAL - 2022-02-25 10:43:07 --> Undefined constant "App\Controllers\idNombre"
#0 C:\xampp\htdocs\code4\system\CodeIgniter.php(825): App\Controllers\Crud->obtenerNombre('1')
#1 C:\xampp\htdocs\code4\system\CodeIgniter.php(412): CodeIgniter\CodeIgniter->runController(Object(App\Controllers\Crud))
#2 C:\xampp\htdocs\code4\system\CodeIgniter.php(320): CodeIgniter\CodeIgniter->handleRequest(NULL, Object(Config\Cache), false)
#3 C:\xampp\htdocs\code4\public\index.php(37): CodeIgniter\CodeIgniter->run()
#4 {main}
CRITICAL - 2022-02-25 10:43:46 --> Undefined property: CodeIgniter\Database\MySQLi\Builder::$get
#0 C:\xampp\htdocs\code4\app\Models\CrudModel.php(32): CodeIgniter\Debug\Exceptions->errorHandler(2, 'Undefined prope...', 'C:\\xampp\\htdocs...', 32)
#1 C:\xampp\htdocs\code4\app\Controllers\Crud.php(68): App\Models\CrudModel->obtenerNombre(Array)
#2 C:\xampp\htdocs\code4\system\CodeIgniter.php(825): App\Controllers\Crud->obtenerNombre('1')
#3 C:\xampp\htdocs\code4\system\CodeIgniter.php(412): CodeIgniter\CodeIgniter->runController(Object(App\Controllers\Crud))
#4 C:\xampp\htdocs\code4\system\CodeIgniter.php(320): CodeIgniter\CodeIgniter->handleRequest(NULL, Object(Config\Cache), false)
#5 C:\xampp\htdocs\code4\public\index.php(37): CodeIgniter\CodeIgniter->run()
#6 {main}
CRITICAL - 2022-02-25 10:43:47 --> Undefined property: CodeIgniter\Database\MySQLi\Builder::$get
#0 C:\xampp\htdocs\code4\app\Models\CrudModel.php(32): CodeIgniter\Debug\Exceptions->errorHandler(2, 'Undefined prope...', 'C:\\xampp\\htdocs...', 32)
#1 C:\xampp\htdocs\code4\app\Controllers\Crud.php(68): App\Models\CrudModel->obtenerNombre(Array)
#2 C:\xampp\htdocs\code4\system\CodeIgniter.php(825): App\Controllers\Crud->obtenerNombre('1')
#3 C:\xampp\htdocs\code4\system\CodeIgniter.php(412): CodeIgniter\CodeIgniter->runController(Object(App\Controllers\Crud))
#4 C:\xampp\htdocs\code4\system\CodeIgniter.php(320): CodeIgniter\CodeIgniter->handleRequest(NULL, Object(Config\Cache), false)
#5 C:\xampp\htdocs\code4\public\index.php(37): CodeIgniter\CodeIgniter->run()
#6 {main}
CRITICAL - 2022-02-25 10:44:22 --> Invalid file: actuaizar.php
#0 C:\xampp\htdocs\code4\system\View\View.php(198): CodeIgniter\Exceptions\FrameworkException::forInvalidFile('actuaizar.php')
#1 C:\xampp\htdocs\code4\system\Common.php(1089): CodeIgniter\View\View->render('actuaizar', Array, true)
#2 C:\xampp\htdocs\code4\app\Controllers\Crud.php(71): view('actuaizar', Array)
#3 C:\xampp\htdocs\code4\system\CodeIgniter.php(825): App\Controllers\Crud->obtenerNombre('1')
#4 C:\xampp\htdocs\code4\system\CodeIgniter.php(412): CodeIgniter\CodeIgniter->runController(Object(App\Controllers\Crud))
#5 C:\xampp\htdocs\code4\system\CodeIgniter.php(320): CodeIgniter\CodeIgniter->handleRequest(NULL, Object(Config\Cache), false)
#6 C:\xampp\htdocs\code4\public\index.php(37): CodeIgniter\CodeIgniter->run()
#7 {main}
CRITICAL - 2022-02-25 10:44:23 --> Invalid file: actuaizar.php
#0 C:\xampp\htdocs\code4\system\View\View.php(198): CodeIgniter\Exceptions\FrameworkException::forInvalidFile('actuaizar.php')
#1 C:\xampp\htdocs\code4\system\Common.php(1089): CodeIgniter\View\View->render('actuaizar', Array, true)
#2 C:\xampp\htdocs\code4\app\Controllers\Crud.php(71): view('actuaizar', Array)
#3 C:\xampp\htdocs\code4\system\CodeIgniter.php(825): App\Controllers\Crud->obtenerNombre('1')
#4 C:\xampp\htdocs\code4\system\CodeIgniter.php(412): CodeIgniter\CodeIgniter->runController(Object(App\Controllers\Crud))
#5 C:\xampp\htdocs\code4\system\CodeIgniter.php(320): CodeIgniter\CodeIgniter->handleRequest(NULL, Object(Config\Cache), false)
#6 C:\xampp\htdocs\code4\public\index.php(37): CodeIgniter\CodeIgniter->run()
#7 {main}
CRITICAL - 2022-02-25 10:44:38 --> Invalid file: actuaizar.php
#0 C:\xampp\htdocs\code4\system\View\View.php(198): CodeIgniter\Exceptions\FrameworkException::forInvalidFile('actuaizar.php')
#1 C:\xampp\htdocs\code4\system\Common.php(1089): CodeIgniter\View\View->render('actuaizar', Array, true)
#2 C:\xampp\htdocs\code4\app\Controllers\Crud.php(71): view('actuaizar', Array)
#3 C:\xampp\htdocs\code4\system\CodeIgniter.php(825): App\Controllers\Crud->obtenerNombre('1')
#4 C:\xampp\htdocs\code4\system\CodeIgniter.php(412): CodeIgniter\CodeIgniter->runController(Object(App\Controllers\Crud))
#5 C:\xampp\htdocs\code4\system\CodeIgniter.php(320): CodeIgniter\CodeIgniter->handleRequest(NULL, Object(Config\Cache), false)
#6 C:\xampp\htdocs\code4\public\index.php(37): CodeIgniter\CodeIgniter->run()
#7 {main}
CRITICAL - 2022-02-25 10:44:38 --> Invalid file: actuaizar.php
#0 C:\xampp\htdocs\code4\system\View\View.php(198): CodeIgniter\Exceptions\FrameworkException::forInvalidFile('actuaizar.php')
#1 C:\xampp\htdocs\code4\system\Common.php(1089): CodeIgniter\View\View->render('actuaizar', Array, true)
#2 C:\xampp\htdocs\code4\app\Controllers\Crud.php(71): view('actuaizar', Array)
#3 C:\xampp\htdocs\code4\system\CodeIgniter.php(825): App\Controllers\Crud->obtenerNombre('1')
#4 C:\xampp\htdocs\code4\system\CodeIgniter.php(412): CodeIgniter\CodeIgniter->runController(Object(App\Controllers\Crud))
#5 C:\xampp\htdocs\code4\system\CodeIgniter.php(320): CodeIgniter\CodeIgniter->handleRequest(NULL, Object(Config\Cache), false)
#6 C:\xampp\htdocs\code4\public\index.php(37): CodeIgniter\CodeIgniter->run()
#7 {main}
CRITICAL - 2022-02-25 11:06:09 --> Undefined variable $datos
#0 C:\xampp\htdocs\code4\app\Views\listado.php(46): CodeIgniter\Debug\Exceptions->errorHandler(2, 'Undefined varia...', 'C:\\xampp\\htdocs...', 46)
#1 C:\xampp\htdocs\code4\system\View\View.php(210): include('C:\\xampp\\htdocs...')
#2 C:\xampp\htdocs\code4\system\View\View.php(213): CodeIgniter\View\View->CodeIgniter\View\{closure}()
#3 C:\xampp\htdocs\code4\system\Common.php(1089): CodeIgniter\View\View->render('listado', Array, true)
#4 C:\xampp\htdocs\code4\app\Controllers\Crud.php(73): view('listado', Array)
#5 C:\xampp\htdocs\code4\system\CodeIgniter.php(825): App\Controllers\Crud->obtenerNombre('2')
#6 C:\xampp\htdocs\code4\system\CodeIgniter.php(412): CodeIgniter\CodeIgniter->runController(Object(App\Controllers\Crud))
#7 C:\xampp\htdocs\code4\system\CodeIgniter.php(320): CodeIgniter\CodeIgniter->handleRequest(NULL, Object(Config\Cache), false)
#8 C:\xampp\htdocs\code4\public\index.php(37): CodeIgniter\CodeIgniter->run()
#9 {main}
CRITICAL - 2022-02-25 11:06:09 --> Undefined variable $datos
#0 C:\xampp\htdocs\code4\app\Views\listado.php(46): CodeIgniter\Debug\Exceptions->errorHandler(2, 'Undefined varia...', 'C:\\xampp\\htdocs...', 46)
#1 C:\xampp\htdocs\code4\system\View\View.php(210): include('C:\\xampp\\htdocs...')
#2 C:\xampp\htdocs\code4\system\View\View.php(213): CodeIgniter\View\View->CodeIgniter\View\{closure}()
#3 C:\xampp\htdocs\code4\system\Common.php(1089): CodeIgniter\View\View->render('listado', Array, true)
#4 C:\xampp\htdocs\code4\app\Controllers\Crud.php(73): view('listado', Array)
#5 C:\xampp\htdocs\code4\system\CodeIgniter.php(825): App\Controllers\Crud->obtenerNombre('assets', 'plugins', 'datatables', 'jquery.dataTabl...')
#6 C:\xampp\htdocs\code4\system\CodeIgniter.php(412): CodeIgniter\CodeIgniter->runController(Object(App\Controllers\Crud))
#7 C:\xampp\htdocs\code4\system\CodeIgniter.php(320): CodeIgniter\CodeIgniter->handleRequest(NULL, Object(Config\Cache), false)
#8 C:\xampp\htdocs\code4\public\index.php(37): CodeIgniter\CodeIgniter->run()
#9 {main}
CRITICAL - 2022-02-25 11:06:09 --> Undefined variable $datos
#0 C:\xampp\htdocs\code4\app\Views\listado.php(46): CodeIgniter\Debug\Exceptions->errorHandler(2, 'Undefined varia...', 'C:\\xampp\\htdocs...', 46)
#1 C:\xampp\htdocs\code4\system\View\View.php(210): include('C:\\xampp\\htdocs...')
#2 C:\xampp\htdocs\code4\system\View\View.php(213): CodeIgniter\View\View->CodeIgniter\View\{closure}()
#3 C:\xampp\htdocs\code4\system\Common.php(1089): CodeIgniter\View\View->render('listado', Array, true)
#4 C:\xampp\htdocs\code4\app\Controllers\Crud.php(73): view('listado', Array)
#5 C:\xampp\htdocs\code4\system\CodeIgniter.php(825): App\Controllers\Crud->obtenerNombre('assets', 'css', 'style.css')
#6 C:\xampp\htdocs\code4\system\CodeIgniter.php(412): CodeIgniter\CodeIgniter->runController(Object(App\Controllers\Crud))
#7 C:\xampp\htdocs\code4\system\CodeIgniter.php(320): CodeIgniter\CodeIgniter->handleRequest(NULL, Object(Config\Cache), false)
#8 C:\xampp\htdocs\code4\public\index.php(37): CodeIgniter\CodeIgniter->run()
#9 {main}
CRITICAL - 2022-02-25 11:06:09 --> Undefined variable $datos
#0 C:\xampp\htdocs\code4\app\Views\listado.php(46): CodeIgniter\Debug\Exceptions->errorHandler(2, 'Undefined varia...', 'C:\\xampp\\htdocs...', 46)
#1 C:\xampp\htdocs\code4\system\View\View.php(210): include('C:\\xampp\\htdocs...')
#2 C:\xampp\htdocs\code4\system\View\View.php(213): CodeIgniter\View\View->CodeIgniter\View\{closure}()
#3 C:\xampp\htdocs\code4\system\Common.php(1089): CodeIgniter\View\View->render('listado', Array, true)
#4 C:\xampp\htdocs\code4\app\Controllers\Crud.php(73): view('listado', Array)
#5 C:\xampp\htdocs\code4\system\CodeIgniter.php(825): App\Controllers\Crud->obtenerNombre('assets', 'plugins', 'datatables', 'responsive.boot...')
#6 C:\xampp\htdocs\code4\system\CodeIgniter.php(412): CodeIgniter\CodeIgniter->runController(Object(App\Controllers\Crud))
#7 C:\xampp\htdocs\code4\system\CodeIgniter.php(320): CodeIgniter\CodeIgniter->handleRequest(NULL, Object(Config\Cache), false)
#8 C:\xampp\htdocs\code4\public\index.php(37): CodeIgniter\CodeIgniter->run()
#9 {main}
CRITICAL - 2022-02-25 11:06:09 --> Undefined variable $datos
#0 C:\xampp\htdocs\code4\app\Views\listado.php(46): CodeIgniter\Debug\Exceptions->errorHandler(2, 'Undefined varia...', 'C:\\xampp\\htdocs...', 46)
#1 C:\xampp\htdocs\code4\system\View\View.php(210): include('C:\\xampp\\htdocs...')
#2 C:\xampp\htdocs\code4\system\View\View.php(213): CodeIgniter\View\View->CodeIgniter\View\{closure}()
#3 C:\xampp\htdocs\code4\system\Common.php(1089): CodeIgniter\View\View->render('listado', Array, true)
#4 C:\xampp\htdocs\code4\app\Controllers\Crud.php(73): view('listado', Array)
#5 C:\xampp\htdocs\code4\system\CodeIgniter.php(825): App\Controllers\Crud->obtenerNombre('assets', 'css', 'bootstrap.min.c...')
#6 C:\xampp\htdocs\code4\system\CodeIgniter.php(412): CodeIgniter\CodeIgniter->runController(Object(App\Controllers\Crud))
#7 C:\xampp\htdocs\code4\system\CodeIgniter.php(320): CodeIgniter\CodeIgniter->handleRequest(NULL, Object(Config\Cache), false)
#8 C:\xampp\htdocs\code4\public\index.php(37): CodeIgniter\CodeIgniter->run()
#9 {main}
CRITICAL - 2022-02-25 11:06:09 --> Undefined variable $datos
#0 C:\xampp\htdocs\code4\app\Views\listado.php(46): CodeIgniter\Debug\Exceptions->errorHandler(2, 'Undefined varia...', 'C:\\xampp\\htdocs...', 46)
#1 C:\xampp\htdocs\code4\system\View\View.php(210): include('C:\\xampp\\htdocs...')
#2 C:\xampp\htdocs\code4\system\View\View.php(213): CodeIgniter\View\View->CodeIgniter\View\{closure}()
#3 C:\xampp\htdocs\code4\system\Common.php(1089): CodeIgniter\View\View->render('listado', Array, true)
#4 C:\xampp\htdocs\code4\app\Controllers\Crud.php(73): view('listado', Array)
#5 C:\xampp\htdocs\code4\system\CodeIgniter.php(825): App\Controllers\Crud->obtenerNombre('assets', 'css', 'icons.css')
#6 C:\xampp\htdocs\code4\system\CodeIgniter.php(412): CodeIgniter\CodeIgniter->runController(Object(App\Controllers\Crud))
#7 C:\xampp\htdocs\code4\system\CodeIgniter.php(320): CodeIgniter\CodeIgniter->handleRequest(NULL, Object(Config\Cache), false)
#8 C:\xampp\htdocs\code4\public\index.php(37): CodeIgniter\CodeIgniter->run()
#9 {main}
CRITICAL - 2022-02-25 11:06:09 --> Undefined variable $datos
#0 C:\xampp\htdocs\code4\app\Views\listado.php(46): CodeIgniter\Debug\Exceptions->errorHandler(2, 'Undefined varia...', 'C:\\xampp\\htdocs...', 46)
#1 C:\xampp\htdocs\code4\system\View\View.php(210): include('C:\\xampp\\htdocs...')
#2 C:\xampp\htdocs\code4\system\View\View.php(213): CodeIgniter\View\View->CodeIgniter\View\{closure}()
#3 C:\xampp\htdocs\code4\system\Common.php(1089): CodeIgniter\View\View->render('listado', Array, true)
#4 C:\xampp\htdocs\code4\app\Controllers\Crud.php(73): view('listado', Array)
#5 C:\xampp\htdocs\code4\system\CodeIgniter.php(825): App\Controllers\Crud->obtenerNombre('assets', 'plugins', 'datatables', 'dataTables.boot...')
#6 C:\xampp\htdocs\code4\system\CodeIgniter.php(412): CodeIgniter\CodeIgniter->runController(Object(App\Controllers\Crud))
#7 C:\xampp\htdocs\code4\system\CodeIgniter.php(320): CodeIgniter\CodeIgniter->handleRequest(NULL, Object(Config\Cache), false)
#8 C:\xampp\htdocs\code4\public\index.php(37): CodeIgniter\CodeIgniter->run()
#9 {main}
CRITICAL - 2022-02-25 11:06:09 --> Undefined variable $datos
#0 C:\xampp\htdocs\code4\app\Views\listado.php(46): CodeIgniter\Debug\Exceptions->errorHandler(2, 'Undefined varia...', 'C:\\xampp\\htdocs...', 46)
#1 C:\xampp\htdocs\code4\system\View\View.php(210): include('C:\\xampp\\htdocs...')
#2 C:\xampp\htdocs\code4\system\View\View.php(213): CodeIgniter\View\View->CodeIgniter\View\{closure}()
#3 C:\xampp\htdocs\code4\system\Common.php(1089): CodeIgniter\View\View->render('listado', Array, true)
#4 C:\xampp\htdocs\code4\app\Controllers\Crud.php(73): view('listado', Array)
#5 C:\xampp\htdocs\code4\system\CodeIgniter.php(825): App\Controllers\Crud->obtenerNombre('assets', 'images', 'users', 'avatar-1.jpg')
#6 C:\xampp\htdocs\code4\system\CodeIgniter.php(412): CodeIgniter\CodeIgniter->runController(Object(App\Controllers\Crud))
#7 C:\xampp\htdocs\code4\system\CodeIgniter.php(320): CodeIgniter\CodeIgniter->handleRequest(NULL, Object(Config\Cache), false)
#8 C:\xampp\htdocs\code4\public\index.php(37): CodeIgniter\CodeIgniter->run()
#9 {main}
CRITICAL - 2022-02-25 11:06:09 --> Undefined variable $datos
#0 C:\xampp\htdocs\code4\app\Views\listado.php(46): CodeIgniter\Debug\Exceptions->errorHandler(2, 'Undefined varia...', 'C:\\xampp\\htdocs...', 46)
#1 C:\xampp\htdocs\code4\system\View\View.php(210): include('C:\\xampp\\htdocs...')
#2 C:\xampp\htdocs\code4\system\View\View.php(213): CodeIgniter\View\View->CodeIgniter\View\{closure}()
#3 C:\xampp\htdocs\code4\system\Common.php(1089): CodeIgniter\View\View->render('listado', Array, true)
#4 C:\xampp\htdocs\code4\app\Controllers\Crud.php(73): view('listado', Array)
#5 C:\xampp\htdocs\code4\system\CodeIgniter.php(825): App\Controllers\Crud->obtenerNombre('assets', 'images', 'logo_sm.png')
#6 C:\xampp\htdocs\code4\system\CodeIgniter.php(412): CodeIgniter\CodeIgniter->runController(Object(App\Controllers\Crud))
#7 C:\xampp\htdocs\code4\system\CodeIgniter.php(320): CodeIgniter\CodeIgniter->handleRequest(NULL, Object(Config\Cache), false)
#8 C:\xampp\htdocs\code4\public\index.php(37): CodeIgniter\CodeIgniter->run()
#9 {main}
CRITICAL - 2022-02-25 11:06:09 --> Undefined variable $datos
#0 C:\xampp\htdocs\code4\app\Views\listado.php(46): CodeIgniter\Debug\Exceptions->errorHandler(2, 'Undefined varia...', 'C:\\xampp\\htdocs...', 46)
#1 C:\xampp\htdocs\code4\system\View\View.php(210): include('C:\\xampp\\htdocs...')
#2 C:\xampp\htdocs\code4\system\View\View.php(213): CodeIgniter\View\View->CodeIgniter\View\{closure}()
#3 C:\xampp\htdocs\code4\system\Common.php(1089): CodeIgniter\View\View->render('listado', Array, true)
#4 C:\xampp\htdocs\code4\app\Controllers\Crud.php(73): view('listado', Array)
#5 C:\xampp\htdocs\code4\system\CodeIgniter.php(825): App\Controllers\Crud->obtenerNombre('assets', 'images', 'logo_white_2.pn...')
#6 C:\xampp\htdocs\code4\system\CodeIgniter.php(412): CodeIgniter\CodeIgniter->runController(Object(App\Controllers\Crud))
#7 C:\xampp\htdocs\code4\system\CodeIgniter.php(320): CodeIgniter\CodeIgniter->handleRequest(NULL, Object(Config\Cache), false)
#8 C:\xampp\htdocs\code4\public\index.php(37): CodeIgniter\CodeIgniter->run()
#9 {main}
CRITICAL - 2022-02-25 11:06:09 --> Undefined variable $datos
#0 C:\xampp\htdocs\code4\app\Views\listado.php(46): CodeIgniter\Debug\Exceptions->errorHandler(2, 'Undefined varia...', 'C:\\xampp\\htdocs...', 46)
#1 C:\xampp\htdocs\code4\system\View\View.php(210): include('C:\\xampp\\htdocs...')
#2 C:\xampp\htdocs\code4\system\View\View.php(213): CodeIgniter\View\View->CodeIgniter\View\{closure}()
#3 C:\xampp\htdocs\code4\system\Common.php(1089): CodeIgniter\View\View->render('listado', Array, true)
#4 C:\xampp\htdocs\code4\app\Controllers\Crud.php(73): view('listado', Array)
#5 C:\xampp\htdocs\code4\system\CodeIgniter.php(825): App\Controllers\Crud->obtenerNombre('assets', 'images', 'favicon.ico')
#6 C:\xampp\htdocs\code4\system\CodeIgniter.php(412): CodeIgniter\CodeIgniter->runController(Object(App\Controllers\Crud))
#7 C:\xampp\htdocs\code4\system\CodeIgniter.php(320): CodeIgniter\CodeIgniter->handleRequest(NULL, Object(Config\Cache), false)
#8 C:\xampp\htdocs\code4\public\index.php(37): CodeIgniter\CodeIgniter->run()
#9 {main}
CRITICAL - 2022-02-25 11:06:13 --> Undefined variable $datos
#0 C:\xampp\htdocs\code4\app\Views\listado.php(46): CodeIgniter\Debug\Exceptions->errorHandler(2, 'Undefined varia...', 'C:\\xampp\\htdocs...', 46)
#1 C:\xampp\htdocs\code4\system\View\View.php(210): include('C:\\xampp\\htdocs...')
#2 C:\xampp\htdocs\code4\system\View\View.php(213): CodeIgniter\View\View->CodeIgniter\View\{closure}()
#3 C:\xampp\htdocs\code4\system\Common.php(1089): CodeIgniter\View\View->render('listado', Array, true)
#4 C:\xampp\htdocs\code4\app\Controllers\Crud.php(73): view('listado', Array)
#5 C:\xampp\htdocs\code4\system\CodeIgniter.php(825): App\Controllers\Crud->obtenerNombre('2')
#6 C:\xampp\htdocs\code4\system\CodeIgniter.php(412): CodeIgniter\CodeIgniter->runController(Object(App\Controllers\Crud))
#7 C:\xampp\htdocs\code4\system\CodeIgniter.php(320): CodeIgniter\CodeIgniter->handleRequest(NULL, Object(Config\Cache), false)
#8 C:\xampp\htdocs\code4\public\index.php(37): CodeIgniter\CodeIgniter->run()
#9 {main}
CRITICAL - 2022-02-25 11:06:13 --> Undefined variable $datos
#0 C:\xampp\htdocs\code4\app\Views\listado.php(46): CodeIgniter\Debug\Exceptions->errorHandler(2, 'Undefined varia...', 'C:\\xampp\\htdocs...', 46)
#1 C:\xampp\htdocs\code4\system\View\View.php(210): include('C:\\xampp\\htdocs...')
#2 C:\xampp\htdocs\code4\system\View\View.php(213): CodeIgniter\View\View->CodeIgniter\View\{closure}()
#3 C:\xampp\htdocs\code4\system\Common.php(1089): CodeIgniter\View\View->render('listado', Array, true)
#4 C:\xampp\htdocs\code4\app\Controllers\Crud.php(73): view('listado', Array)
#5 C:\xampp\htdocs\code4\system\CodeIgniter.php(825): App\Controllers\Crud->obtenerNombre('assets', 'plugins', 'datatables', 'jquery.dataTabl...')
#6 C:\xampp\htdocs\code4\system\CodeIgniter.php(412): CodeIgniter\CodeIgniter->runController(Object(App\Controllers\Crud))
#7 C:\xampp\htdocs\code4\system\CodeIgniter.php(320): CodeIgniter\CodeIgniter->handleRequest(NULL, Object(Config\Cache), false)
#8 C:\xampp\htdocs\code4\public\index.php(37): CodeIgniter\CodeIgniter->run()
#9 {main}
CRITICAL - 2022-02-25 11:06:13 --> Undefined variable $datos
#0 C:\xampp\htdocs\code4\app\Views\listado.php(46): CodeIgniter\Debug\Exceptions->errorHandler(2, 'Undefined varia...', 'C:\\xampp\\htdocs...', 46)
#1 C:\xampp\htdocs\code4\system\View\View.php(210): include('C:\\xampp\\htdocs...')
#2 C:\xampp\htdocs\code4\system\View\View.php(213): CodeIgniter\View\View->CodeIgniter\View\{closure}()
#3 C:\xampp\htdocs\code4\system\Common.php(1089): CodeIgniter\View\View->render('listado', Array, true)
#4 C:\xampp\htdocs\code4\app\Controllers\Crud.php(73): view('listado', Array)
#5 C:\xampp\htdocs\code4\system\CodeIgniter.php(825): App\Controllers\Crud->obtenerNombre('assets', 'css', 'bootstrap.min.c...')
#6 C:\xampp\htdocs\code4\system\CodeIgniter.php(412): CodeIgniter\CodeIgniter->runController(Object(App\Controllers\Crud))
#7 C:\xampp\htdocs\code4\system\CodeIgniter.php(320): CodeIgniter\CodeIgniter->handleRequest(NULL, Object(Config\Cache), false)
#8 C:\xampp\htdocs\code4\public\index.php(37): CodeIgniter\CodeIgniter->run()
#9 {main}
CRITICAL - 2022-02-25 11:06:13 --> Undefined variable $datos
#0 C:\xampp\htdocs\code4\app\Views\listado.php(46): CodeIgniter\Debug\Exceptions->errorHandler(2, 'Undefined varia...', 'C:\\xampp\\htdocs...', 46)
#1 C:\xampp\htdocs\code4\system\View\View.php(210): include('C:\\xampp\\htdocs...')
#2 C:\xampp\htdocs\code4\system\View\View.php(213): CodeIgniter\View\View->CodeIgniter\View\{closure}()
#3 C:\xampp\htdocs\code4\system\Common.php(1089): CodeIgniter\View\View->render('listado', Array, true)
#4 C:\xampp\htdocs\code4\app\Controllers\Crud.php(73): view('listado', Array)
#5 C:\xampp\htdocs\code4\system\CodeIgniter.php(825): App\Controllers\Crud->obtenerNombre('assets', 'css', 'style.css')
#6 C:\xampp\htdocs\code4\system\CodeIgniter.php(412): CodeIgniter\CodeIgniter->runController(Object(App\Controllers\Crud))
#7 C:\xampp\htdocs\code4\system\CodeIgniter.php(320): CodeIgniter\CodeIgniter->handleRequest(NULL, Object(Config\Cache), false)
#8 C:\xampp\htdocs\code4\public\index.php(37): CodeIgniter\CodeIgniter->run()
#9 {main}
CRITICAL - 2022-02-25 11:06:13 --> Undefined variable $datos
#0 C:\xampp\htdocs\code4\app\Views\listado.php(46): CodeIgniter\Debug\Exceptions->errorHandler(2, 'Undefined varia...', 'C:\\xampp\\htdocs...', 46)
#1 C:\xampp\htdocs\code4\system\View\View.php(210): include('C:\\xampp\\htdocs...')
#2 C:\xampp\htdocs\code4\system\View\View.php(213): CodeIgniter\View\View->CodeIgniter\View\{closure}()
#3 C:\xampp\htdocs\code4\system\Common.php(1089): CodeIgniter\View\View->render('listado', Array, true)
#4 C:\xampp\htdocs\code4\app\Controllers\Crud.php(73): view('listado', Array)
#5 C:\xampp\htdocs\code4\system\CodeIgniter.php(825): App\Controllers\Crud->obtenerNombre('assets', 'plugins', 'datatables', 'responsive.boot...')
#6 C:\xampp\htdocs\code4\system\CodeIgniter.php(412): CodeIgniter\CodeIgniter->runController(Object(App\Controllers\Crud))
#7 C:\xampp\htdocs\code4\system\CodeIgniter.php(320): CodeIgniter\CodeIgniter->handleRequest(NULL, Object(Config\Cache), false)
#8 C:\xampp\htdocs\code4\public\index.php(37): CodeIgniter\CodeIgniter->run()
#9 {main}
CRITICAL - 2022-02-25 11:06:13 --> Undefined variable $datos
#0 C:\xampp\htdocs\code4\app\Views\listado.php(46): CodeIgniter\Debug\Exceptions->errorHandler(2, 'Undefined varia...', 'C:\\xampp\\htdocs...', 46)
#1 C:\xampp\htdocs\code4\system\View\View.php(210): include('C:\\xampp\\htdocs...')
#2 C:\xampp\htdocs\code4\system\View\View.php(213): CodeIgniter\View\View->CodeIgniter\View\{closure}()
#3 C:\xampp\htdocs\code4\system\Common.php(1089): CodeIgniter\View\View->render('listado', Array, true)
#4 C:\xampp\htdocs\code4\app\Controllers\Crud.php(73): view('listado', Array)
#5 C:\xampp\htdocs\code4\system\CodeIgniter.php(825): App\Controllers\Crud->obtenerNombre('assets', 'plugins', 'datatables', 'dataTables.boot...')
#6 C:\xampp\htdocs\code4\system\CodeIgniter.php(412): CodeIgniter\CodeIgniter->runController(Object(App\Controllers\Crud))
#7 C:\xampp\htdocs\code4\system\CodeIgniter.php(320): CodeIgniter\CodeIgniter->handleRequest(NULL, Object(Config\Cache), false)
#8 C:\xampp\htdocs\code4\public\index.php(37): CodeIgniter\CodeIgniter->run()
#9 {main}
CRITICAL - 2022-02-25 11:06:13 --> Undefined variable $datos
#0 C:\xampp\htdocs\code4\app\Views\listado.php(46): CodeIgniter\Debug\Exceptions->errorHandler(2, 'Undefined varia...', 'C:\\xampp\\htdocs...', 46)
#1 C:\xampp\htdocs\code4\system\View\View.php(210): include('C:\\xampp\\htdocs...')
#2 C:\xampp\htdocs\code4\system\View\View.php(213): CodeIgniter\View\View->CodeIgniter\View\{closure}()
#3 C:\xampp\htdocs\code4\system\Common.php(1089): CodeIgniter\View\View->render('listado', Array, true)
#4 C:\xampp\htdocs\code4\app\Controllers\Crud.php(73): view('listado', Array)
#5 C:\xampp\htdocs\code4\system\CodeIgniter.php(825): App\Controllers\Crud->obtenerNombre('assets', 'css', 'icons.css')
#6 C:\xampp\htdocs\code4\system\CodeIgniter.php(412): CodeIgniter\CodeIgniter->runController(Object(App\Controllers\Crud))
#7 C:\xampp\htdocs\code4\system\CodeIgniter.php(320): CodeIgniter\CodeIgniter->handleRequest(NULL, Object(Config\Cache), false)
#8 C:\xampp\htdocs\code4\public\index.php(37): CodeIgniter\CodeIgniter->run()
#9 {main}
CRITICAL - 2022-02-25 11:06:13 --> Undefined variable $datos
#0 C:\xampp\htdocs\code4\app\Views\listado.php(46): CodeIgniter\Debug\Exceptions->errorHandler(2, 'Undefined varia...', 'C:\\xampp\\htdocs...', 46)
#1 C:\xampp\htdocs\code4\system\View\View.php(210): include('C:\\xampp\\htdocs...')
#2 C:\xampp\htdocs\code4\system\View\View.php(213): CodeIgniter\View\View->CodeIgniter\View\{closure}()
#3 C:\xampp\htdocs\code4\system\Common.php(1089): CodeIgniter\View\View->render('listado', Array, true)
#4 C:\xampp\htdocs\code4\app\Controllers\Crud.php(73): view('listado', Array)
#5 C:\xampp\htdocs\code4\system\CodeIgniter.php(825): App\Controllers\Crud->obtenerNombre('assets', 'images', 'logo_white_2.pn...')
#6 C:\xampp\htdocs\code4\system\CodeIgniter.php(412): CodeIgniter\CodeIgniter->runController(Object(App\Controllers\Crud))
#7 C:\xampp\htdocs\code4\system\CodeIgniter.php(320): CodeIgniter\CodeIgniter->handleRequest(NULL, Object(Config\Cache), false)
#8 C:\xampp\htdocs\code4\public\index.php(37): CodeIgniter\CodeIgniter->run()
#9 {main}
CRITICAL - 2022-02-25 11:06:13 --> Undefined variable $datos
#0 C:\xampp\htdocs\code4\app\Views\listado.php(46): CodeIgniter\Debug\Exceptions->errorHandler(2, 'Undefined varia...', 'C:\\xampp\\htdocs...', 46)
#1 C:\xampp\htdocs\code4\system\View\View.php(210): include('C:\\xampp\\htdocs...')
#2 C:\xampp\htdocs\code4\system\View\View.php(213): CodeIgniter\View\View->CodeIgniter\View\{closure}()
#3 C:\xampp\htdocs\code4\system\Common.php(1089): CodeIgniter\View\View->render('listado', Array, true)
#4 C:\xampp\htdocs\code4\app\Controllers\Crud.php(73): view('listado', Array)
#5 C:\xampp\htdocs\code4\system\CodeIgniter.php(825): App\Controllers\Crud->obtenerNombre('assets', 'images', 'logo_sm.png')
#6 C:\xampp\htdocs\code4\system\CodeIgniter.php(412): CodeIgniter\CodeIgniter->runController(Object(App\Controllers\Crud))
#7 C:\xampp\htdocs\code4\system\CodeIgniter.php(320): CodeIgniter\CodeIgniter->handleRequest(NULL, Object(Config\Cache), false)
#8 C:\xampp\htdocs\code4\public\index.php(37): CodeIgniter\CodeIgniter->run()
#9 {main}
CRITICAL - 2022-02-25 11:06:13 --> Undefined variable $datos
#0 C:\xampp\htdocs\code4\app\Views\listado.php(46): CodeIgniter\Debug\Exceptions->errorHandler(2, 'Undefined varia...', 'C:\\xampp\\htdocs...', 46)
#1 C:\xampp\htdocs\code4\system\View\View.php(210): include('C:\\xampp\\htdocs...')
#2 C:\xampp\htdocs\code4\system\View\View.php(213): CodeIgniter\View\View->CodeIgniter\View\{closure}()
#3 C:\xampp\htdocs\code4\system\Common.php(1089): CodeIgniter\View\View->render('listado', Array, true)
#4 C:\xampp\htdocs\code4\app\Controllers\Crud.php(73): view('listado', Array)
#5 C:\xampp\htdocs\code4\system\CodeIgniter.php(825): App\Controllers\Crud->obtenerNombre('assets', 'images', 'users', 'avatar-1.jpg')
#6 C:\xampp\htdocs\code4\system\CodeIgniter.php(412): CodeIgniter\CodeIgniter->runController(Object(App\Controllers\Crud))
#7 C:\xampp\htdocs\code4\system\CodeIgniter.php(320): CodeIgniter\CodeIgniter->handleRequest(NULL, Object(Config\Cache), false)
#8 C:\xampp\htdocs\code4\public\index.php(37): CodeIgniter\CodeIgniter->run()
#9 {main}
CRITICAL - 2022-02-25 11:06:13 --> Undefined variable $datos
#0 C:\xampp\htdocs\code4\app\Views\listado.php(46): CodeIgniter\Debug\Exceptions->errorHandler(2, 'Undefined varia...', 'C:\\xampp\\htdocs...', 46)
#1 C:\xampp\htdocs\code4\system\View\View.php(210): include('C:\\xampp\\htdocs...')
#2 C:\xampp\htdocs\code4\system\View\View.php(213): CodeIgniter\View\View->CodeIgniter\View\{closure}()
#3 C:\xampp\htdocs\code4\system\Common.php(1089): CodeIgniter\View\View->render('listado', Array, true)
#4 C:\xampp\htdocs\code4\app\Controllers\Crud.php(73): view('listado', Array)
#5 C:\xampp\htdocs\code4\system\CodeIgniter.php(825): App\Controllers\Crud->obtenerNombre('assets', 'images', 'favicon.ico')
#6 C:\xampp\htdocs\code4\system\CodeIgniter.php(412): CodeIgniter\CodeIgniter->runController(Object(App\Controllers\Crud))
#7 C:\xampp\htdocs\code4\system\CodeIgniter.php(320): CodeIgniter\CodeIgniter->handleRequest(NULL, Object(Config\Cache), false)
#8 C:\xampp\htdocs\code4\public\index.php(37): CodeIgniter\CodeIgniter->run()
#9 {main}
CRITICAL - 2022-02-25 11:06:47 --> Undefined variable $datos
#0 C:\xampp\htdocs\code4\app\Views\listado.php(46): CodeIgniter\Debug\Exceptions->errorHandler(2, 'Undefined varia...', 'C:\\xampp\\htdocs...', 46)
#1 C:\xampp\htdocs\code4\system\View\View.php(210): include('C:\\xampp\\htdocs...')
#2 C:\xampp\htdocs\code4\system\View\View.php(213): CodeIgniter\View\View->CodeIgniter\View\{closure}()
#3 C:\xampp\htdocs\code4\system\Common.php(1089): CodeIgniter\View\View->render('listado', Array, true)
#4 C:\xampp\htdocs\code4\app\Controllers\Crud.php(73): view('listado', Array)
#5 C:\xampp\htdocs\code4\system\CodeIgniter.php(825): App\Controllers\Crud->obtenerNombre('1')
#6 C:\xampp\htdocs\code4\system\CodeIgniter.php(412): CodeIgniter\CodeIgniter->runController(Object(App\Controllers\Crud))
#7 C:\xampp\htdocs\code4\system\CodeIgniter.php(320): CodeIgniter\CodeIgniter->handleRequest(NULL, Object(Config\Cache), false)
#8 C:\xampp\htdocs\code4\public\index.php(37): CodeIgniter\CodeIgniter->run()
#9 {main}
CRITICAL - 2022-02-25 11:06:47 --> Undefined variable $datos
#0 C:\xampp\htdocs\code4\app\Views\listado.php(46): CodeIgniter\Debug\Exceptions->errorHandler(2, 'Undefined varia...', 'C:\\xampp\\htdocs...', 46)
#1 C:\xampp\htdocs\code4\system\View\View.php(210): include('C:\\xampp\\htdocs...')
#2 C:\xampp\htdocs\code4\system\View\View.php(213): CodeIgniter\View\View->CodeIgniter\View\{closure}()
#3 C:\xampp\htdocs\code4\system\Common.php(1089): CodeIgniter\View\View->render('listado', Array, true)
#4 C:\xampp\htdocs\code4\app\Controllers\Crud.php(73): view('listado', Array)
#5 C:\xampp\htdocs\code4\system\CodeIgniter.php(825): App\Controllers\Crud->obtenerNombre('assets', 'css', 'bootstrap.min.c...')
#6 C:\xampp\htdocs\code4\system\CodeIgniter.php(412): CodeIgniter\CodeIgniter->runController(Object(App\Controllers\Crud))
#7 C:\xampp\htdocs\code4\system\CodeIgniter.php(320): CodeIgniter\CodeIgniter->handleRequest(NULL, Object(Config\Cache), false)
#8 C:\xampp\htdocs\code4\public\index.php(37): CodeIgniter\CodeIgniter->run()
#9 {main}
CRITICAL - 2022-02-25 11:06:47 --> Undefined variable $datos
#0 C:\xampp\htdocs\code4\app\Views\listado.php(46): CodeIgniter\Debug\Exceptions->errorHandler(2, 'Undefined varia...', 'C:\\xampp\\htdocs...', 46)
#1 C:\xampp\htdocs\code4\system\View\View.php(210): include('C:\\xampp\\htdocs...')
#2 C:\xampp\htdocs\code4\system\View\View.php(213): CodeIgniter\View\View->CodeIgniter\View\{closure}()
#3 C:\xampp\htdocs\code4\system\Common.php(1089): CodeIgniter\View\View->render('listado', Array, true)
#4 C:\xampp\htdocs\code4\app\Controllers\Crud.php(73): view('listado', Array)
#5 C:\xampp\htdocs\code4\system\CodeIgniter.php(825): App\Controllers\Crud->obtenerNombre('assets', 'plugins', 'datatables', 'jquery.dataTabl...')
#6 C:\xampp\htdocs\code4\system\CodeIgniter.php(412): CodeIgniter\CodeIgniter->runController(Object(App\Controllers\Crud))
#7 C:\xampp\htdocs\code4\system\CodeIgniter.php(320): CodeIgniter\CodeIgniter->handleRequest(NULL, Object(Config\Cache), false)
#8 C:\xampp\htdocs\code4\public\index.php(37): CodeIgniter\CodeIgniter->run()
#9 {main}
CRITICAL - 2022-02-25 11:06:47 --> Undefined variable $datos
#0 C:\xampp\htdocs\code4\app\Views\listado.php(46): CodeIgniter\Debug\Exceptions->errorHandler(2, 'Undefined varia...', 'C:\\xampp\\htdocs...', 46)
#1 C:\xampp\htdocs\code4\system\View\View.php(210): include('C:\\xampp\\htdocs...')
#2 C:\xampp\htdocs\code4\system\View\View.php(213): CodeIgniter\View\View->CodeIgniter\View\{closure}()
#3 C:\xampp\htdocs\code4\system\Common.php(1089): CodeIgniter\View\View->render('listado', Array, true)
#4 C:\xampp\htdocs\code4\app\Controllers\Crud.php(73): view('listado', Array)
#5 C:\xampp\htdocs\code4\system\CodeIgniter.php(825): App\Controllers\Crud->obtenerNombre('assets', 'plugins', 'datatables', 'dataTables.boot...')
#6 C:\xampp\htdocs\code4\system\CodeIgniter.php(412): CodeIgniter\CodeIgniter->runController(Object(App\Controllers\Crud))
#7 C:\xampp\htdocs\code4\system\CodeIgniter.php(320): CodeIgniter\CodeIgniter->handleRequest(NULL, Object(Config\Cache), false)
#8 C:\xampp\htdocs\code4\public\index.php(37): CodeIgniter\CodeIgniter->run()
#9 {main}
CRITICAL - 2022-02-25 11:06:47 --> Undefined variable $datos
#0 C:\xampp\htdocs\code4\app\Views\listado.php(46): CodeIgniter\Debug\Exceptions->errorHandler(2, 'Undefined varia...', 'C:\\xampp\\htdocs...', 46)
#1 C:\xampp\htdocs\code4\system\View\View.php(210): include('C:\\xampp\\htdocs...')
#2 C:\xampp\htdocs\code4\system\View\View.php(213): CodeIgniter\View\View->CodeIgniter\View\{closure}()
#3 C:\xampp\htdocs\code4\system\Common.php(1089): CodeIgniter\View\View->render('listado', Array, true)
#4 C:\xampp\htdocs\code4\app\Controllers\Crud.php(73): view('listado', Array)
#5 C:\xampp\htdocs\code4\system\CodeIgniter.php(825): App\Controllers\Crud->obtenerNombre('assets', 'css', 'icons.css')
#6 C:\xampp\htdocs\code4\system\CodeIgniter.php(412): CodeIgniter\CodeIgniter->runController(Object(App\Controllers\Crud))
#7 C:\xampp\htdocs\code4\system\CodeIgniter.php(320): CodeIgniter\CodeIgniter->handleRequest(NULL, Object(Config\Cache), false)
#8 C:\xampp\htdocs\code4\public\index.php(37): CodeIgniter\CodeIgniter->run()
#9 {main}
CRITICAL - 2022-02-25 11:06:47 --> Undefined variable $datos
#0 C:\xampp\htdocs\code4\app\Views\listado.php(46): CodeIgniter\Debug\Exceptions->errorHandler(2, 'Undefined varia...', 'C:\\xampp\\htdocs...', 46)
#1 C:\xampp\htdocs\code4\system\View\View.php(210): include('C:\\xampp\\htdocs...')
#2 C:\xampp\htdocs\code4\system\View\View.php(213): CodeIgniter\View\View->CodeIgniter\View\{closure}()
#3 C:\xampp\htdocs\code4\system\Common.php(1089): CodeIgniter\View\View->render('listado', Array, true)
#4 C:\xampp\htdocs\code4\app\Controllers\Crud.php(73): view('listado', Array)
#5 C:\xampp\htdocs\code4\system\CodeIgniter.php(825): App\Controllers\Crud->obtenerNombre('assets', 'plugins', 'datatables', 'responsive.boot...')
#6 C:\xampp\htdocs\code4\system\CodeIgniter.php(412): CodeIgniter\CodeIgniter->runController(Object(App\Controllers\Crud))
#7 C:\xampp\htdocs\code4\system\CodeIgniter.php(320): CodeIgniter\CodeIgniter->handleRequest(NULL, Object(Config\Cache), false)
#8 C:\xampp\htdocs\code4\public\index.php(37): CodeIgniter\CodeIgniter->run()
#9 {main}
CRITICAL - 2022-02-25 11:06:47 --> Undefined variable $datos
#0 C:\xampp\htdocs\code4\app\Views\listado.php(46): CodeIgniter\Debug\Exceptions->errorHandler(2, 'Undefined varia...', 'C:\\xampp\\htdocs...', 46)
#1 C:\xampp\htdocs\code4\system\View\View.php(210): include('C:\\xampp\\htdocs...')
#2 C:\xampp\htdocs\code4\system\View\View.php(213): CodeIgniter\View\View->CodeIgniter\View\{closure}()
#3 C:\xampp\htdocs\code4\system\Common.php(1089): CodeIgniter\View\View->render('listado', Array, true)
#4 C:\xampp\htdocs\code4\app\Controllers\Crud.php(73): view('listado', Array)
#5 C:\xampp\htdocs\code4\system\CodeIgniter.php(825): App\Controllers\Crud->obtenerNombre('assets', 'css', 'style.css')
#6 C:\xampp\htdocs\code4\system\CodeIgniter.php(412): CodeIgniter\CodeIgniter->runController(Object(App\Controllers\Crud))
#7 C:\xampp\htdocs\code4\system\CodeIgniter.php(320): CodeIgniter\CodeIgniter->handleRequest(NULL, Object(Config\Cache), false)
#8 C:\xampp\htdocs\code4\public\index.php(37): CodeIgniter\CodeIgniter->run()
#9 {main}
CRITICAL - 2022-02-25 11:06:47 --> Undefined variable $datos
#0 C:\xampp\htdocs\code4\app\Views\listado.php(46): CodeIgniter\Debug\Exceptions->errorHandler(2, 'Undefined varia...', 'C:\\xampp\\htdocs...', 46)
#1 C:\xampp\htdocs\code4\system\View\View.php(210): include('C:\\xampp\\htdocs...')
#2 C:\xampp\htdocs\code4\system\View\View.php(213): CodeIgniter\View\View->CodeIgniter\View\{closure}()
#3 C:\xampp\htdocs\code4\system\Common.php(1089): CodeIgniter\View\View->render('listado', Array, true)
#4 C:\xampp\htdocs\code4\app\Controllers\Crud.php(73): view('listado', Array)
#5 C:\xampp\htdocs\code4\system\CodeIgniter.php(825): App\Controllers\Crud->obtenerNombre('assets', 'images', 'logo_white_2.pn...')
#6 C:\xampp\htdocs\code4\system\CodeIgniter.php(412): CodeIgniter\CodeIgniter->runController(Object(App\Controllers\Crud))
#7 C:\xampp\htdocs\code4\system\CodeIgniter.php(320): CodeIgniter\CodeIgniter->handleRequest(NULL, Object(Config\Cache), false)
#8 C:\xampp\htdocs\code4\public\index.php(37): CodeIgniter\CodeIgniter->run()
#9 {main}
CRITICAL - 2022-02-25 11:06:47 --> Undefined variable $datos
#0 C:\xampp\htdocs\code4\app\Views\listado.php(46): CodeIgniter\Debug\Exceptions->errorHandler(2, 'Undefined varia...', 'C:\\xampp\\htdocs...', 46)
#1 C:\xampp\htdocs\code4\system\View\View.php(210): include('C:\\xampp\\htdocs...')
#2 C:\xampp\htdocs\code4\system\View\View.php(213): CodeIgniter\View\View->CodeIgniter\View\{closure}()
#3 C:\xampp\htdocs\code4\system\Common.php(1089): CodeIgniter\View\View->render('listado', Array, true)
#4 C:\xampp\htdocs\code4\app\Controllers\Crud.php(73): view('listado', Array)
#5 C:\xampp\htdocs\code4\system\CodeIgniter.php(825): App\Controllers\Crud->obtenerNombre('assets', 'images', 'logo_sm.png')
#6 C:\xampp\htdocs\code4\system\CodeIgniter.php(412): CodeIgniter\CodeIgniter->runController(Object(App\Controllers\Crud))
#7 C:\xampp\htdocs\code4\system\CodeIgniter.php(320): CodeIgniter\CodeIgniter->handleRequest(NULL, Object(Config\Cache), false)
#8 C:\xampp\htdocs\code4\public\index.php(37): CodeIgniter\CodeIgniter->run()
#9 {main}
CRITICAL - 2022-02-25 11:06:47 --> Undefined variable $datos
#0 C:\xampp\htdocs\code4\app\Views\listado.php(46): CodeIgniter\Debug\Exceptions->errorHandler(2, 'Undefined varia...', 'C:\\xampp\\htdocs...', 46)
#1 C:\xampp\htdocs\code4\system\View\View.php(210): include('C:\\xampp\\htdocs...')
#2 C:\xampp\htdocs\code4\system\View\View.php(213): CodeIgniter\View\View->CodeIgniter\View\{closure}()
#3 C:\xampp\htdocs\code4\system\Common.php(1089): CodeIgniter\View\View->render('listado', Array, true)
#4 C:\xampp\htdocs\code4\app\Controllers\Crud.php(73): view('listado', Array)
#5 C:\xampp\htdocs\code4\system\CodeIgniter.php(825): App\Controllers\Crud->obtenerNombre('assets', 'images', 'users', 'avatar-1.jpg')
#6 C:\xampp\htdocs\code4\system\CodeIgniter.php(412): CodeIgniter\CodeIgniter->runController(Object(App\Controllers\Crud))
#7 C:\xampp\htdocs\code4\system\CodeIgniter.php(320): CodeIgniter\CodeIgniter->handleRequest(NULL, Object(Config\Cache), false)
#8 C:\xampp\htdocs\code4\public\index.php(37): CodeIgniter\CodeIgniter->run()
#9 {main}
CRITICAL - 2022-02-25 11:06:47 --> Undefined variable $datos
#0 C:\xampp\htdocs\code4\app\Views\listado.php(46): CodeIgniter\Debug\Exceptions->errorHandler(2, 'Undefined varia...', 'C:\\xampp\\htdocs...', 46)
#1 C:\xampp\htdocs\code4\system\View\View.php(210): include('C:\\xampp\\htdocs...')
#2 C:\xampp\htdocs\code4\system\View\View.php(213): CodeIgniter\View\View->CodeIgniter\View\{closure}()
#3 C:\xampp\htdocs\code4\system\Common.php(1089): CodeIgniter\View\View->render('listado', Array, true)
#4 C:\xampp\htdocs\code4\app\Controllers\Crud.php(73): view('listado', Array)
#5 C:\xampp\htdocs\code4\system\CodeIgniter.php(825): App\Controllers\Crud->obtenerNombre('assets', 'images', 'favicon.ico')
#6 C:\xampp\htdocs\code4\system\CodeIgniter.php(412): CodeIgniter\CodeIgniter->runController(Object(App\Controllers\Crud))
#7 C:\xampp\htdocs\code4\system\CodeIgniter.php(320): CodeIgniter\CodeIgniter->handleRequest(NULL, Object(Config\Cache), false)
#8 C:\xampp\htdocs\code4\public\index.php(37): CodeIgniter\CodeIgniter->run()
#9 {main}
CRITICAL - 2022-02-25 11:07:02 --> Undefined variable $datos
#0 C:\xampp\htdocs\code4\app\Views\actualizar.php(2): CodeIgniter\Debug\Exceptions->errorHandler(2, 'Undefined varia...', 'C:\\xampp\\htdocs...', 2)
#1 C:\xampp\htdocs\code4\system\View\View.php(210): include('C:\\xampp\\htdocs...')
#2 C:\xampp\htdocs\code4\system\View\View.php(213): CodeIgniter\View\View->CodeIgniter\View\{closure}()
#3 C:\xampp\htdocs\code4\system\Common.php(1089): CodeIgniter\View\View->render('actualizar', Array, true)
#4 C:\xampp\htdocs\code4\app\Controllers\Crud.php(73): view('actualizar', Array)
#5 C:\xampp\htdocs\code4\system\CodeIgniter.php(825): App\Controllers\Crud->obtenerNombre('1')
#6 C:\xampp\htdocs\code4\system\CodeIgniter.php(412): CodeIgniter\CodeIgniter->runController(Object(App\Controllers\Crud))
#7 C:\xampp\htdocs\code4\system\CodeIgniter.php(320): CodeIgniter\CodeIgniter->handleRequest(NULL, Object(Config\Cache), false)
#8 C:\xampp\htdocs\code4\public\index.php(37): CodeIgniter\CodeIgniter->run()
#9 {main}
CRITICAL - 2022-02-25 11:07:02 --> Undefined variable $datos
#0 C:\xampp\htdocs\code4\app\Views\actualizar.php(2): CodeIgniter\Debug\Exceptions->errorHandler(2, 'Undefined varia...', 'C:\\xampp\\htdocs...', 2)
#1 C:\xampp\htdocs\code4\system\View\View.php(210): include('C:\\xampp\\htdocs...')
#2 C:\xampp\htdocs\code4\system\View\View.php(213): CodeIgniter\View\View->CodeIgniter\View\{closure}()
#3 C:\xampp\htdocs\code4\system\Common.php(1089): CodeIgniter\View\View->render('actualizar', Array, true)
#4 C:\xampp\htdocs\code4\app\Controllers\Crud.php(73): view('actualizar', Array)
#5 C:\xampp\htdocs\code4\system\CodeIgniter.php(825): App\Controllers\Crud->obtenerNombre('assets', 'plugins', 'datatables', 'dataTables.boot...')
#6 C:\xampp\htdocs\code4\system\CodeIgniter.php(412): CodeIgniter\CodeIgniter->runController(Object(App\Controllers\Crud))
#7 C:\xampp\htdocs\code4\system\CodeIgniter.php(320): CodeIgniter\CodeIgniter->handleRequest(NULL, Object(Config\Cache), false)
#8 C:\xampp\htdocs\code4\public\index.php(37): CodeIgniter\CodeIgniter->run()
#9 {main}
CRITICAL - 2022-02-25 11:07:02 --> Undefined variable $datos
#0 C:\xampp\htdocs\code4\app\Views\actualizar.php(2): CodeIgniter\Debug\Exceptions->errorHandler(2, 'Undefined varia...', 'C:\\xampp\\htdocs...', 2)
#1 C:\xampp\htdocs\code4\system\View\View.php(210): include('C:\\xampp\\htdocs...')
#2 C:\xampp\htdocs\code4\system\View\View.php(213): CodeIgniter\View\View->CodeIgniter\View\{closure}()
#3 C:\xampp\htdocs\code4\system\Common.php(1089): CodeIgniter\View\View->render('actualizar', Array, true)
#4 C:\xampp\htdocs\code4\app\Controllers\Crud.php(73): view('actualizar', Array)
#5 C:\xampp\htdocs\code4\system\CodeIgniter.php(825): App\Controllers\Crud->obtenerNombre('assets', 'css', 'bootstrap.min.c...')
#6 C:\xampp\htdocs\code4\system\CodeIgniter.php(412): CodeIgniter\CodeIgniter->runController(Object(App\Controllers\Crud))
#7 C:\xampp\htdocs\code4\system\CodeIgniter.php(320): CodeIgniter\CodeIgniter->handleRequest(NULL, Object(Config\Cache), false)
#8 C:\xampp\htdocs\code4\public\index.php(37): CodeIgniter\CodeIgniter->run()
#9 {main}
CRITICAL - 2022-02-25 11:07:02 --> Undefined variable $datos
#0 C:\xampp\htdocs\code4\app\Views\actualizar.php(2): CodeIgniter\Debug\Exceptions->errorHandler(2, 'Undefined varia...', 'C:\\xampp\\htdocs...', 2)
#1 C:\xampp\htdocs\code4\system\View\View.php(210): include('C:\\xampp\\htdocs...')
#2 C:\xampp\htdocs\code4\system\View\View.php(213): CodeIgniter\View\View->CodeIgniter\View\{closure}()
#3 C:\xampp\htdocs\code4\system\Common.php(1089): CodeIgniter\View\View->render('actualizar', Array, true)
#4 C:\xampp\htdocs\code4\app\Controllers\Crud.php(73): view('actualizar', Array)
#5 C:\xampp\htdocs\code4\system\CodeIgniter.php(825): App\Controllers\Crud->obtenerNombre('assets', 'css', 'icons.css')
#6 C:\xampp\htdocs\code4\system\CodeIgniter.php(412): CodeIgniter\CodeIgniter->runController(Object(App\Controllers\Crud))
#7 C:\xampp\htdocs\code4\system\CodeIgniter.php(320): CodeIgniter\CodeIgniter->handleRequest(NULL, Object(Config\Cache), false)
#8 C:\xampp\htdocs\code4\public\index.php(37): CodeIgniter\CodeIgniter->run()
#9 {main}
CRITICAL - 2022-02-25 11:07:02 --> Undefined variable $datos
#0 C:\xampp\htdocs\code4\app\Views\actualizar.php(2): CodeIgniter\Debug\Exceptions->errorHandler(2, 'Undefined varia...', 'C:\\xampp\\htdocs...', 2)
#1 C:\xampp\htdocs\code4\system\View\View.php(210): include('C:\\xampp\\htdocs...')
#2 C:\xampp\htdocs\code4\system\View\View.php(213): CodeIgniter\View\View->CodeIgniter\View\{closure}()
#3 C:\xampp\htdocs\code4\system\Common.php(1089): CodeIgniter\View\View->render('actualizar', Array, true)
#4 C:\xampp\htdocs\code4\app\Controllers\Crud.php(73): view('actualizar', Array)
#5 C:\xampp\htdocs\code4\system\CodeIgniter.php(825): App\Controllers\Crud->obtenerNombre('assets', 'plugins', 'datatables', 'responsive.boot...')
#6 C:\xampp\htdocs\code4\system\CodeIgniter.php(412): CodeIgniter\CodeIgniter->runController(Object(App\Controllers\Crud))
#7 C:\xampp\htdocs\code4\system\CodeIgniter.php(320): CodeIgniter\CodeIgniter->handleRequest(NULL, Object(Config\Cache), false)
#8 C:\xampp\htdocs\code4\public\index.php(37): CodeIgniter\CodeIgniter->run()
#9 {main}
CRITICAL - 2022-02-25 11:07:02 --> Undefined variable $datos
#0 C:\xampp\htdocs\code4\app\Views\actualizar.php(2): CodeIgniter\Debug\Exceptions->errorHandler(2, 'Undefined varia...', 'C:\\xampp\\htdocs...', 2)
#1 C:\xampp\htdocs\code4\system\View\View.php(210): include('C:\\xampp\\htdocs...')
#2 C:\xampp\htdocs\code4\system\View\View.php(213): CodeIgniter\View\View->CodeIgniter\View\{closure}()
#3 C:\xampp\htdocs\code4\system\Common.php(1089): CodeIgniter\View\View->render('actualizar', Array, true)
#4 C:\xampp\htdocs\code4\app\Controllers\Crud.php(73): view('actualizar', Array)
#5 C:\xampp\htdocs\code4\system\CodeIgniter.php(825): App\Controllers\Crud->obtenerNombre('assets', 'plugins', 'datatables', 'jquery.dataTabl...')
#6 C:\xampp\htdocs\code4\system\CodeIgniter.php(412): CodeIgniter\CodeIgniter->runController(Object(App\Controllers\Crud))
#7 C:\xampp\htdocs\code4\system\CodeIgniter.php(320): CodeIgniter\CodeIgniter->handleRequest(NULL, Object(Config\Cache), false)
#8 C:\xampp\htdocs\code4\public\index.php(37): CodeIgniter\CodeIgniter->run()
#9 {main}
CRITICAL - 2022-02-25 11:07:02 --> Undefined variable $datos
#0 C:\xampp\htdocs\code4\app\Views\actualizar.php(2): CodeIgniter\Debug\Exceptions->errorHandler(2, 'Undefined varia...', 'C:\\xampp\\htdocs...', 2)
#1 C:\xampp\htdocs\code4\system\View\View.php(210): include('C:\\xampp\\htdocs...')
#2 C:\xampp\htdocs\code4\system\View\View.php(213): CodeIgniter\View\View->CodeIgniter\View\{closure}()
#3 C:\xampp\htdocs\code4\system\Common.php(1089): CodeIgniter\View\View->render('actualizar', Array, true)
#4 C:\xampp\htdocs\code4\app\Controllers\Crud.php(73): view('actualizar', Array)
#5 C:\xampp\htdocs\code4\system\CodeIgniter.php(825): App\Controllers\Crud->obtenerNombre('assets', 'css', 'style.css')
#6 C:\xampp\htdocs\code4\system\CodeIgniter.php(412): CodeIgniter\CodeIgniter->runController(Object(App\Controllers\Crud))
#7 C:\xampp\htdocs\code4\system\CodeIgniter.php(320): CodeIgniter\CodeIgniter->handleRequest(NULL, Object(Config\Cache), false)
#8 C:\xampp\htdocs\code4\public\index.php(37): CodeIgniter\CodeIgniter->run()
#9 {main}
CRITICAL - 2022-02-25 11:07:03 --> Undefined variable $datos
#0 C:\xampp\htdocs\code4\app\Views\actualizar.php(2): CodeIgniter\Debug\Exceptions->errorHandler(2, 'Undefined varia...', 'C:\\xampp\\htdocs...', 2)
#1 C:\xampp\htdocs\code4\system\View\View.php(210): include('C:\\xampp\\htdocs...')
#2 C:\xampp\htdocs\code4\system\View\View.php(213): CodeIgniter\View\View->CodeIgniter\View\{closure}()
#3 C:\xampp\htdocs\code4\system\Common.php(1089): CodeIgniter\View\View->render('actualizar', Array, true)
#4 C:\xampp\htdocs\code4\app\Controllers\Crud.php(73): view('actualizar', Array)
#5 C:\xampp\htdocs\code4\system\CodeIgniter.php(825): App\Controllers\Crud->obtenerNombre('assets', 'images', 'logo_white_2.pn...')
#6 C:\xampp\htdocs\code4\system\CodeIgniter.php(412): CodeIgniter\CodeIgniter->runController(Object(App\Controllers\Crud))
#7 C:\xampp\htdocs\code4\system\CodeIgniter.php(320): CodeIgniter\CodeIgniter->handleRequest(NULL, Object(Config\Cache), false)
#8 C:\xampp\htdocs\code4\public\index.php(37): CodeIgniter\CodeIgniter->run()
#9 {main}
CRITICAL - 2022-02-25 11:07:03 --> Undefined variable $datos
#0 C:\xampp\htdocs\code4\app\Views\actualizar.php(2): CodeIgniter\Debug\Exceptions->errorHandler(2, 'Undefined varia...', 'C:\\xampp\\htdocs...', 2)
#1 C:\xampp\htdocs\code4\system\View\View.php(210): include('C:\\xampp\\htdocs...')
#2 C:\xampp\htdocs\code4\system\View\View.php(213): CodeIgniter\View\View->CodeIgniter\View\{closure}()
#3 C:\xampp\htdocs\code4\system\Common.php(1089): CodeIgniter\View\View->render('actualizar', Array, true)
#4 C:\xampp\htdocs\code4\app\Controllers\Crud.php(73): view('actualizar', Array)
#5 C:\xampp\htdocs\code4\system\CodeIgniter.php(825): App\Controllers\Crud->obtenerNombre('assets', 'images', 'logo_sm.png')
#6 C:\xampp\htdocs\code4\system\CodeIgniter.php(412): CodeIgniter\CodeIgniter->runController(Object(App\Controllers\Crud))
#7 C:\xampp\htdocs\code4\system\CodeIgniter.php(320): CodeIgniter\CodeIgniter->handleRequest(NULL, Object(Config\Cache), false)
#8 C:\xampp\htdocs\code4\public\index.php(37): CodeIgniter\CodeIgniter->run()
#9 {main}
CRITICAL - 2022-02-25 11:07:03 --> Undefined variable $datos
#0 C:\xampp\htdocs\code4\app\Views\actualizar.php(2): CodeIgniter\Debug\Exceptions->errorHandler(2, 'Undefined varia...', 'C:\\xampp\\htdocs...', 2)
#1 C:\xampp\htdocs\code4\system\View\View.php(210): include('C:\\xampp\\htdocs...')
#2 C:\xampp\htdocs\code4\system\View\View.php(213): CodeIgniter\View\View->CodeIgniter\View\{closure}()
#3 C:\xampp\htdocs\code4\system\Common.php(1089): CodeIgniter\View\View->render('actualizar', Array, true)
#4 C:\xampp\htdocs\code4\app\Controllers\Crud.php(73): view('actualizar', Array)
#5 C:\xampp\htdocs\code4\system\CodeIgniter.php(825): App\Controllers\Crud->obtenerNombre('assets', 'images', 'users', 'avatar-1.jpg')
#6 C:\xampp\htdocs\code4\system\CodeIgniter.php(412): CodeIgniter\CodeIgniter->runController(Object(App\Controllers\Crud))
#7 C:\xampp\htdocs\code4\system\CodeIgniter.php(320): CodeIgniter\CodeIgniter->handleRequest(NULL, Object(Config\Cache), false)
#8 C:\xampp\htdocs\code4\public\index.php(37): CodeIgniter\CodeIgniter->run()
#9 {main}
CRITICAL - 2022-02-25 11:07:03 --> Undefined variable $datos
#0 C:\xampp\htdocs\code4\app\Views\actualizar.php(2): CodeIgniter\Debug\Exceptions->errorHandler(2, 'Undefined varia...', 'C:\\xampp\\htdocs...', 2)
#1 C:\xampp\htdocs\code4\system\View\View.php(210): include('C:\\xampp\\htdocs...')
#2 C:\xampp\htdocs\code4\system\View\View.php(213): CodeIgniter\View\View->CodeIgniter\View\{closure}()
#3 C:\xampp\htdocs\code4\system\Common.php(1089): CodeIgniter\View\View->render('actualizar', Array, true)
#4 C:\xampp\htdocs\code4\app\Controllers\Crud.php(73): view('actualizar', Array)
#5 C:\xampp\htdocs\code4\system\CodeIgniter.php(825): App\Controllers\Crud->obtenerNombre('assets', 'images', 'favicon.ico')
#6 C:\xampp\htdocs\code4\system\CodeIgniter.php(412): CodeIgniter\CodeIgniter->runController(Object(App\Controllers\Crud))
#7 C:\xampp\htdocs\code4\system\CodeIgniter.php(320): CodeIgniter\CodeIgniter->handleRequest(NULL, Object(Config\Cache), false)
#8 C:\xampp\htdocs\code4\public\index.php(37): CodeIgniter\CodeIgniter->run()
#9 {main}
CRITICAL - 2022-02-25 11:07:09 --> Undefined variable $datos
#0 C:\xampp\htdocs\code4\app\Views\actualizar.php(2): CodeIgniter\Debug\Exceptions->errorHandler(2, 'Undefined varia...', 'C:\\xampp\\htdocs...', 2)
#1 C:\xampp\htdocs\code4\system\View\View.php(210): include('C:\\xampp\\htdocs...')
#2 C:\xampp\htdocs\code4\system\View\View.php(213): CodeIgniter\View\View->CodeIgniter\View\{closure}()
#3 C:\xampp\htdocs\code4\system\Common.php(1089): CodeIgniter\View\View->render('actualizar', Array, true)
#4 C:\xampp\htdocs\code4\app\Controllers\Crud.php(73): view('actualizar', Array)
#5 C:\xampp\htdocs\code4\system\CodeIgniter.php(825): App\Controllers\Crud->obtenerNombre('1')
#6 C:\xampp\htdocs\code4\system\CodeIgniter.php(412): CodeIgniter\CodeIgniter->runController(Object(App\Controllers\Crud))
#7 C:\xampp\htdocs\code4\system\CodeIgniter.php(320): CodeIgniter\CodeIgniter->handleRequest(NULL, Object(Config\Cache), false)
#8 C:\xampp\htdocs\code4\public\index.php(37): CodeIgniter\CodeIgniter->run()
#9 {main}
CRITICAL - 2022-02-25 11:24:15 --> syntax error, unexpected token "echo", expecting "," or ";"
#0 C:\xampp\htdocs\code4\system\Autoloader\Autoloader.php(241): CodeIgniter\Autoloader\Autoloader->includeFile('C:\\xampp\\htdocs...')
#1 C:\xampp\htdocs\code4\system\Autoloader\Autoloader.php(219): CodeIgniter\Autoloader\Autoloader->loadInNamespace('App\\Controllers...')
#2 [internal function]: CodeIgniter\Autoloader\Autoloader->loadClass('App\\Controllers...')
#3 C:\xampp\htdocs\code4\system\CodeIgniter.php(790): class_exists('\\App\\Controller...', true)
#4 C:\xampp\htdocs\code4\system\CodeIgniter.php(399): CodeIgniter\CodeIgniter->startController()
#5 C:\xampp\htdocs\code4\system\CodeIgniter.php(320): CodeIgniter\CodeIgniter->handleRequest(NULL, Object(Config\Cache), false)
#6 C:\xampp\htdocs\code4\public\index.php(37): CodeIgniter\CodeIgniter->run()
#7 {main}
CRITICAL - 2022-02-25 11:24:18 --> syntax error, unexpected token "echo", expecting "," or ";"
#0 C:\xampp\htdocs\code4\system\Autoloader\Autoloader.php(241): CodeIgniter\Autoloader\Autoloader->includeFile('C:\\xampp\\htdocs...')
#1 C:\xampp\htdocs\code4\system\Autoloader\Autoloader.php(219): CodeIgniter\Autoloader\Autoloader->loadInNamespace('App\\Controllers...')
#2 [internal function]: CodeIgniter\Autoloader\Autoloader->loadClass('App\\Controllers...')
#3 C:\xampp\htdocs\code4\system\CodeIgniter.php(790): class_exists('\\App\\Controller...', true)
#4 C:\xampp\htdocs\code4\system\CodeIgniter.php(399): CodeIgniter\CodeIgniter->startController()
#5 C:\xampp\htdocs\code4\system\CodeIgniter.php(320): CodeIgniter\CodeIgniter->handleRequest(NULL, Object(Config\Cache), false)
#6 C:\xampp\htdocs\code4\public\index.php(37): CodeIgniter\CodeIgniter->run()
#7 {main}
CRITICAL - 2022-02-25 12:32:57 --> Undefined variable $datos
#0 C:\xampp\htdocs\code4\app\Views\actualizar.php(2): CodeIgniter\Debug\Exceptions->errorHandler(2, 'Undefined varia...', 'C:\\xampp\\htdocs...', 2)
#1 C:\xampp\htdocs\code4\system\View\View.php(210): include('C:\\xampp\\htdocs...')
#2 C:\xampp\htdocs\code4\system\View\View.php(213): CodeIgniter\View\View->CodeIgniter\View\{closure}()
#3 C:\xampp\htdocs\code4\system\Common.php(1089): CodeIgniter\View\View->render('actualizar', Array, true)
#4 C:\xampp\htdocs\code4\app\Controllers\Crud.php(73): view('actualizar')
#5 C:\xampp\htdocs\code4\system\CodeIgniter.php(825): App\Controllers\Crud->obtenerNombre('6')
#6 C:\xampp\htdocs\code4\system\CodeIgniter.php(412): CodeIgniter\CodeIgniter->runController(Object(App\Controllers\Crud))
#7 C:\xampp\htdocs\code4\system\CodeIgniter.php(320): CodeIgniter\CodeIgniter->handleRequest(NULL, Object(Config\Cache), false)
#8 C:\xampp\htdocs\code4\public\index.php(37): CodeIgniter\CodeIgniter->run()
#9 {main}
