CRITICAL - 2022-02-23 09:37:20 --> Invalid file: header.php
#0 C:\xampp\htdocs\code4\system\View\View.php(198): CodeIgniter\Exceptions\FrameworkException::forInvalidFile('header.php')
#1 C:\xampp\htdocs\code4\system\Common.php(1089): CodeIgniter\View\View->render('header', Array, true)
#2 C:\xampp\htdocs\code4\app\Controllers\Home.php(9): view('header')
#3 C:\xampp\htdocs\code4\system\CodeIgniter.php(825): App\Controllers\Home->index()
#4 C:\xampp\htdocs\code4\system\CodeIgniter.php(412): CodeIgniter\CodeIgniter->runController(Object(App\Controllers\Home))
#5 C:\xampp\htdocs\code4\system\CodeIgniter.php(320): CodeIgniter\CodeIgniter->handleRequest(NULL, Object(Config\Cache), false)
#6 C:\xampp\htdocs\code4\public\index.php(37): CodeIgniter\CodeIgniter->run()
#7 {main}
CRITICAL - 2022-02-23 09:37:35 --> Invalid file: tables.php
#0 C:\xampp\htdocs\code4\system\View\View.php(198): CodeIgniter\Exceptions\FrameworkException::forInvalidFile('tables.php')
#1 C:\xampp\htdocs\code4\system\Common.php(1089): CodeIgniter\View\View->render('tables', Array, true)
#2 C:\xampp\htdocs\code4\app\Controllers\Home.php(10): view('tables')
#3 C:\xampp\htdocs\code4\system\CodeIgniter.php(825): App\Controllers\Home->index()
#4 C:\xampp\htdocs\code4\system\CodeIgniter.php(412): CodeIgniter\CodeIgniter->runController(Object(App\Controllers\Home))
#5 C:\xampp\htdocs\code4\system\CodeIgniter.php(320): CodeIgniter\CodeIgniter->handleRequest(NULL, Object(Config\Cache), false)
#6 C:\xampp\htdocs\code4\public\index.php(37): CodeIgniter\CodeIgniter->run()
#7 {main}
CRITICAL - 2022-02-23 09:37:36 --> Invalid file: tables.php
#0 C:\xampp\htdocs\code4\system\View\View.php(198): CodeIgniter\Exceptions\FrameworkException::forInvalidFile('tables.php')
#1 C:\xampp\htdocs\code4\system\Common.php(1089): CodeIgniter\View\View->render('tables', Array, true)
#2 C:\xampp\htdocs\code4\app\Controllers\Home.php(10): view('tables')
#3 C:\xampp\htdocs\code4\system\CodeIgniter.php(825): App\Controllers\Home->index()
#4 C:\xampp\htdocs\code4\system\CodeIgniter.php(412): CodeIgniter\CodeIgniter->runController(Object(App\Controllers\Home))
#5 C:\xampp\htdocs\code4\system\CodeIgniter.php(320): CodeIgniter\CodeIgniter->handleRequest(NULL, Object(Config\Cache), false)
#6 C:\xampp\htdocs\code4\public\index.php(37): CodeIgniter\CodeIgniter->run()
#7 {main}
CRITICAL - 2022-02-23 09:37:36 --> Invalid file: tables.php
#0 C:\xampp\htdocs\code4\system\View\View.php(198): CodeIgniter\Exceptions\FrameworkException::forInvalidFile('tables.php')
#1 C:\xampp\htdocs\code4\system\Common.php(1089): CodeIgniter\View\View->render('tables', Array, true)
#2 C:\xampp\htdocs\code4\app\Controllers\Home.php(10): view('tables')
#3 C:\xampp\htdocs\code4\system\CodeIgniter.php(825): App\Controllers\Home->index()
#4 C:\xampp\htdocs\code4\system\CodeIgniter.php(412): CodeIgniter\CodeIgniter->runController(Object(App\Controllers\Home))
#5 C:\xampp\htdocs\code4\system\CodeIgniter.php(320): CodeIgniter\CodeIgniter->handleRequest(NULL, Object(Config\Cache), false)
#6 C:\xampp\htdocs\code4\public\index.php(37): CodeIgniter\CodeIgniter->run()
#7 {main}
CRITICAL - 2022-02-23 09:38:12 --> Invalid file: tables.php
#0 C:\xampp\htdocs\code4\system\View\View.php(198): CodeIgniter\Exceptions\FrameworkException::forInvalidFile('tables.php')
#1 C:\xampp\htdocs\code4\system\Common.php(1089): CodeIgniter\View\View->render('tables', Array, true)
#2 C:\xampp\htdocs\code4\app\Controllers\Home.php(10): view('tables')
#3 C:\xampp\htdocs\code4\system\CodeIgniter.php(825): App\Controllers\Home->index()
#4 C:\xampp\htdocs\code4\system\CodeIgniter.php(412): CodeIgniter\CodeIgniter->runController(Object(App\Controllers\Home))
#5 C:\xampp\htdocs\code4\system\CodeIgniter.php(320): CodeIgniter\CodeIgniter->handleRequest(NULL, Object(Config\Cache), false)
#6 C:\xampp\htdocs\code4\public\index.php(37): CodeIgniter\CodeIgniter->run()
#7 {main}
CRITICAL - 2022-02-23 11:58:42 --> Invalid file: vista1.php
#0 C:\xampp\htdocs\code4\system\View\View.php(198): CodeIgniter\Exceptions\FrameworkException::forInvalidFile('vista1.php')
#1 C:\xampp\htdocs\code4\system\Common.php(1089): CodeIgniter\View\View->render('vista1', Array, true)
#2 C:\xampp\htdocs\code4\app\Controllers\Home.php(11): view('vista1')
#3 C:\xampp\htdocs\code4\system\CodeIgniter.php(825): App\Controllers\Home->index()
#4 C:\xampp\htdocs\code4\system\CodeIgniter.php(412): CodeIgniter\CodeIgniter->runController(Object(App\Controllers\Home))
#5 C:\xampp\htdocs\code4\system\CodeIgniter.php(320): CodeIgniter\CodeIgniter->handleRequest(NULL, Object(Config\Cache), false)
#6 C:\xampp\htdocs\code4\public\index.php(37): CodeIgniter\CodeIgniter->run()
#7 {main}
