CRITICAL - 2022-02-28 06:26:33 --> Undefined variable $datos
#0 C:\xampp\htdocs\code4\app\Views\actualizar.php(2): CodeIgniter\Debug\Exceptions->errorHandler(2, 'Undefined varia...', 'C:\\xampp\\htdocs...', 2)
#1 C:\xampp\htdocs\code4\system\View\View.php(210): include('C:\\xampp\\htdocs...')
#2 C:\xampp\htdocs\code4\system\View\View.php(213): CodeIgniter\View\View->CodeIgniter\View\{closure}()
#3 C:\xampp\htdocs\code4\system\Common.php(1089): CodeIgniter\View\View->render('actualizar', Array, true)
#4 C:\xampp\htdocs\code4\app\Controllers\Crud.php(73): view('actualizar')
#5 C:\xampp\htdocs\code4\system\CodeIgniter.php(825): App\Controllers\Crud->obtenerNombre('13')
#6 C:\xampp\htdocs\code4\system\CodeIgniter.php(412): CodeIgniter\CodeIgniter->runController(Object(App\Controllers\Crud))
#7 C:\xampp\htdocs\code4\system\CodeIgniter.php(320): CodeIgniter\CodeIgniter->handleRequest(NULL, Object(Config\Cache), false)
#8 C:\xampp\htdocs\code4\public\index.php(37): CodeIgniter\CodeIgniter->run()
#9 {main}
CRITICAL - 2022-02-28 06:30:24 --> Undefined variable $datos
#0 C:\xampp\htdocs\code4\app\Views\actualizar.php(2): CodeIgniter\Debug\Exceptions->errorHandler(2, 'Undefined varia...', 'C:\\xampp\\htdocs...', 2)
#1 C:\xampp\htdocs\code4\system\View\View.php(210): include('C:\\xampp\\htdocs...')
#2 C:\xampp\htdocs\code4\system\View\View.php(213): CodeIgniter\View\View->CodeIgniter\View\{closure}()
#3 C:\xampp\htdocs\code4\system\Common.php(1089): CodeIgniter\View\View->render('actualizar', Array, true)
#4 C:\xampp\htdocs\code4\app\Controllers\Crud.php(73): view('actualizar', Array)
#5 C:\xampp\htdocs\code4\system\CodeIgniter.php(825): App\Controllers\Crud->obtenerNombre('13')
#6 C:\xampp\htdocs\code4\system\CodeIgniter.php(412): CodeIgniter\CodeIgniter->runController(Object(App\Controllers\Crud))
#7 C:\xampp\htdocs\code4\system\CodeIgniter.php(320): CodeIgniter\CodeIgniter->handleRequest(NULL, Object(Config\Cache), false)
#8 C:\xampp\htdocs\code4\public\index.php(37): CodeIgniter\CodeIgniter->run()
#9 {main}
CRITICAL - 2022-02-28 06:47:35 --> Undefined variable $data
#0 C:\xampp\htdocs\code4\app\Controllers\Crud.php(70): CodeIgniter\Debug\Exceptions->errorHandler(2, 'Undefined varia...', 'C:\\xampp\\htdocs...', 70)
#1 C:\xampp\htdocs\code4\system\CodeIgniter.php(825): App\Controllers\Crud->actualizar()
#2 C:\xampp\htdocs\code4\system\CodeIgniter.php(412): CodeIgniter\CodeIgniter->runController(Object(App\Controllers\Crud))
#3 C:\xampp\htdocs\code4\system\CodeIgniter.php(320): CodeIgniter\CodeIgniter->handleRequest(NULL, Object(Config\Cache), false)
#4 C:\xampp\htdocs\code4\public\index.php(37): CodeIgniter\CodeIgniter->run()
#5 {main}
CRITICAL - 2022-02-28 06:48:18 --> Call to undefined method CodeIgniter\Database\MySQLi\Connection::tabl()
#0 C:\xampp\htdocs\code4\app\Controllers\Crud.php(70): App\Models\CrudModel->actualizar(Array, '1')
#1 C:\xampp\htdocs\code4\system\CodeIgniter.php(825): App\Controllers\Crud->actualizar()
#2 C:\xampp\htdocs\code4\system\CodeIgniter.php(412): CodeIgniter\CodeIgniter->runController(Object(App\Controllers\Crud))
#3 C:\xampp\htdocs\code4\system\CodeIgniter.php(320): CodeIgniter\CodeIgniter->handleRequest(NULL, Object(Config\Cache), false)
#4 C:\xampp\htdocs\code4\public\index.php(37): CodeIgniter\CodeIgniter->run()
#5 {main}
ERROR - 2022-02-28 06:48:34 --> Unknown column 'idNombre' in 'where clause'
CRITICAL - 2022-02-28 06:48:34 --> Unknown column 'idNombre' in 'where clause'
#0 C:\xampp\htdocs\code4\system\Database\MySQLi\Connection.php(292): mysqli->query('UPDATE `t_perso...', 0)
#1 C:\xampp\htdocs\code4\system\Database\BaseConnection.php(670): CodeIgniter\Database\MySQLi\Connection->execute('UPDATE `t_perso...')
#2 C:\xampp\htdocs\code4\system\Database\BaseConnection.php(598): CodeIgniter\Database\BaseConnection->simpleQuery('UPDATE `t_perso...')
#3 C:\xampp\htdocs\code4\system\Database\BaseBuilder.php(1913): CodeIgniter\Database\BaseConnection->query('UPDATE `t_perso...', Array, false)
#4 C:\xampp\htdocs\code4\app\Models\CrudModel.php(41): CodeIgniter\Database\BaseBuilder->update()
#5 C:\xampp\htdocs\code4\app\Controllers\Crud.php(70): App\Models\CrudModel->actualizar(Array, '1')
#6 C:\xampp\htdocs\code4\system\CodeIgniter.php(825): App\Controllers\Crud->actualizar()
#7 C:\xampp\htdocs\code4\system\CodeIgniter.php(412): CodeIgniter\CodeIgniter->runController(Object(App\Controllers\Crud))
#8 C:\xampp\htdocs\code4\system\CodeIgniter.php(320): CodeIgniter\CodeIgniter->handleRequest(NULL, Object(Config\Cache), false)
#9 C:\xampp\htdocs\code4\public\index.php(37): CodeIgniter\CodeIgniter->run()
#10 {main}
CRITICAL - 2022-02-28 06:55:51 --> Undefined array key 0
#0 C:\xampp\htdocs\code4\app\Views\actualizar.php(2): CodeIgniter\Debug\Exceptions->errorHandler(2, 'Undefined array...', 'C:\\xampp\\htdocs...', 2)
#1 C:\xampp\htdocs\code4\system\View\View.php(210): include('C:\\xampp\\htdocs...')
#2 C:\xampp\htdocs\code4\system\View\View.php(213): CodeIgniter\View\View->CodeIgniter\View\{closure}()
#3 C:\xampp\htdocs\code4\system\Common.php(1089): CodeIgniter\View\View->render('actualizar', Array, true)
#4 C:\xampp\htdocs\code4\app\Controllers\Crud.php(101): view('actualizar', Array)
#5 C:\xampp\htdocs\code4\system\CodeIgniter.php(825): App\Controllers\Crud->obtenerNombre('assets', 'plugins', 'datatables', 'responsive.boot...')
#6 C:\xampp\htdocs\code4\system\CodeIgniter.php(412): CodeIgniter\CodeIgniter->runController(Object(App\Controllers\Crud))
#7 C:\xampp\htdocs\code4\system\CodeIgniter.php(320): CodeIgniter\CodeIgniter->handleRequest(NULL, Object(Config\Cache), false)
#8 C:\xampp\htdocs\code4\public\index.php(37): CodeIgniter\CodeIgniter->run()
#9 {main}
CRITICAL - 2022-02-28 06:55:51 --> Undefined array key 0
#0 C:\xampp\htdocs\code4\app\Views\actualizar.php(2): CodeIgniter\Debug\Exceptions->errorHandler(2, 'Undefined array...', 'C:\\xampp\\htdocs...', 2)
#1 C:\xampp\htdocs\code4\system\View\View.php(210): include('C:\\xampp\\htdocs...')
#2 C:\xampp\htdocs\code4\system\View\View.php(213): CodeIgniter\View\View->CodeIgniter\View\{closure}()
#3 C:\xampp\htdocs\code4\system\Common.php(1089): CodeIgniter\View\View->render('actualizar', Array, true)
#4 C:\xampp\htdocs\code4\app\Controllers\Crud.php(101): view('actualizar', Array)
#5 C:\xampp\htdocs\code4\system\CodeIgniter.php(825): App\Controllers\Crud->obtenerNombre('assets', 'plugins', 'datatables', 'dataTables.boot...')
#6 C:\xampp\htdocs\code4\system\CodeIgniter.php(412): CodeIgniter\CodeIgniter->runController(Object(App\Controllers\Crud))
#7 C:\xampp\htdocs\code4\system\CodeIgniter.php(320): CodeIgniter\CodeIgniter->handleRequest(NULL, Object(Config\Cache), false)
#8 C:\xampp\htdocs\code4\public\index.php(37): CodeIgniter\CodeIgniter->run()
#9 {main}
CRITICAL - 2022-02-28 06:55:51 --> Undefined array key 0
#0 C:\xampp\htdocs\code4\app\Views\actualizar.php(2): CodeIgniter\Debug\Exceptions->errorHandler(2, 'Undefined array...', 'C:\\xampp\\htdocs...', 2)
#1 C:\xampp\htdocs\code4\system\View\View.php(210): include('C:\\xampp\\htdocs...')
#2 C:\xampp\htdocs\code4\system\View\View.php(213): CodeIgniter\View\View->CodeIgniter\View\{closure}()
#3 C:\xampp\htdocs\code4\system\Common.php(1089): CodeIgniter\View\View->render('actualizar', Array, true)
#4 C:\xampp\htdocs\code4\app\Controllers\Crud.php(101): view('actualizar', Array)
#5 C:\xampp\htdocs\code4\system\CodeIgniter.php(825): App\Controllers\Crud->obtenerNombre('assets', 'css', 'bootstrap.min.c...')
#6 C:\xampp\htdocs\code4\system\CodeIgniter.php(412): CodeIgniter\CodeIgniter->runController(Object(App\Controllers\Crud))
#7 C:\xampp\htdocs\code4\system\CodeIgniter.php(320): CodeIgniter\CodeIgniter->handleRequest(NULL, Object(Config\Cache), false)
#8 C:\xampp\htdocs\code4\public\index.php(37): CodeIgniter\CodeIgniter->run()
#9 {main}
CRITICAL - 2022-02-28 06:55:51 --> Undefined array key 0
#0 C:\xampp\htdocs\code4\app\Views\actualizar.php(2): CodeIgniter\Debug\Exceptions->errorHandler(2, 'Undefined array...', 'C:\\xampp\\htdocs...', 2)
#1 C:\xampp\htdocs\code4\system\View\View.php(210): include('C:\\xampp\\htdocs...')
#2 C:\xampp\htdocs\code4\system\View\View.php(213): CodeIgniter\View\View->CodeIgniter\View\{closure}()
#3 C:\xampp\htdocs\code4\system\Common.php(1089): CodeIgniter\View\View->render('actualizar', Array, true)
#4 C:\xampp\htdocs\code4\app\Controllers\Crud.php(101): view('actualizar', Array)
#5 C:\xampp\htdocs\code4\system\CodeIgniter.php(825): App\Controllers\Crud->obtenerNombre('assets', 'css', 'style.css')
#6 C:\xampp\htdocs\code4\system\CodeIgniter.php(412): CodeIgniter\CodeIgniter->runController(Object(App\Controllers\Crud))
#7 C:\xampp\htdocs\code4\system\CodeIgniter.php(320): CodeIgniter\CodeIgniter->handleRequest(NULL, Object(Config\Cache), false)
#8 C:\xampp\htdocs\code4\public\index.php(37): CodeIgniter\CodeIgniter->run()
#9 {main}
CRITICAL - 2022-02-28 06:55:51 --> Undefined array key 0
#0 C:\xampp\htdocs\code4\app\Views\actualizar.php(2): CodeIgniter\Debug\Exceptions->errorHandler(2, 'Undefined array...', 'C:\\xampp\\htdocs...', 2)
#1 C:\xampp\htdocs\code4\system\View\View.php(210): include('C:\\xampp\\htdocs...')
#2 C:\xampp\htdocs\code4\system\View\View.php(213): CodeIgniter\View\View->CodeIgniter\View\{closure}()
#3 C:\xampp\htdocs\code4\system\Common.php(1089): CodeIgniter\View\View->render('actualizar', Array, true)
#4 C:\xampp\htdocs\code4\app\Controllers\Crud.php(101): view('actualizar', Array)
#5 C:\xampp\htdocs\code4\system\CodeIgniter.php(825): App\Controllers\Crud->obtenerNombre('assets', 'css', 'icons.css')
#6 C:\xampp\htdocs\code4\system\CodeIgniter.php(412): CodeIgniter\CodeIgniter->runController(Object(App\Controllers\Crud))
#7 C:\xampp\htdocs\code4\system\CodeIgniter.php(320): CodeIgniter\CodeIgniter->handleRequest(NULL, Object(Config\Cache), false)
#8 C:\xampp\htdocs\code4\public\index.php(37): CodeIgniter\CodeIgniter->run()
#9 {main}
CRITICAL - 2022-02-28 06:55:51 --> Undefined array key 0
#0 C:\xampp\htdocs\code4\app\Views\actualizar.php(2): CodeIgniter\Debug\Exceptions->errorHandler(2, 'Undefined array...', 'C:\\xampp\\htdocs...', 2)
#1 C:\xampp\htdocs\code4\system\View\View.php(210): include('C:\\xampp\\htdocs...')
#2 C:\xampp\htdocs\code4\system\View\View.php(213): CodeIgniter\View\View->CodeIgniter\View\{closure}()
#3 C:\xampp\htdocs\code4\system\Common.php(1089): CodeIgniter\View\View->render('actualizar', Array, true)
#4 C:\xampp\htdocs\code4\app\Controllers\Crud.php(101): view('actualizar', Array)
#5 C:\xampp\htdocs\code4\system\CodeIgniter.php(825): App\Controllers\Crud->obtenerNombre('assets', 'images', 'logo_white_2.pn...')
#6 C:\xampp\htdocs\code4\system\CodeIgniter.php(412): CodeIgniter\CodeIgniter->runController(Object(App\Controllers\Crud))
#7 C:\xampp\htdocs\code4\system\CodeIgniter.php(320): CodeIgniter\CodeIgniter->handleRequest(NULL, Object(Config\Cache), false)
#8 C:\xampp\htdocs\code4\public\index.php(37): CodeIgniter\CodeIgniter->run()
#9 {main}
CRITICAL - 2022-02-28 06:55:51 --> Undefined array key 0
#0 C:\xampp\htdocs\code4\app\Views\actualizar.php(2): CodeIgniter\Debug\Exceptions->errorHandler(2, 'Undefined array...', 'C:\\xampp\\htdocs...', 2)
#1 C:\xampp\htdocs\code4\system\View\View.php(210): include('C:\\xampp\\htdocs...')
#2 C:\xampp\htdocs\code4\system\View\View.php(213): CodeIgniter\View\View->CodeIgniter\View\{closure}()
#3 C:\xampp\htdocs\code4\system\Common.php(1089): CodeIgniter\View\View->render('actualizar', Array, true)
#4 C:\xampp\htdocs\code4\app\Controllers\Crud.php(101): view('actualizar', Array)
#5 C:\xampp\htdocs\code4\system\CodeIgniter.php(825): App\Controllers\Crud->obtenerNombre('assets', 'images', 'logo_sm.png')
#6 C:\xampp\htdocs\code4\system\CodeIgniter.php(412): CodeIgniter\CodeIgniter->runController(Object(App\Controllers\Crud))
#7 C:\xampp\htdocs\code4\system\CodeIgniter.php(320): CodeIgniter\CodeIgniter->handleRequest(NULL, Object(Config\Cache), false)
#8 C:\xampp\htdocs\code4\public\index.php(37): CodeIgniter\CodeIgniter->run()
#9 {main}
CRITICAL - 2022-02-28 06:55:51 --> Undefined array key 0
#0 C:\xampp\htdocs\code4\app\Views\actualizar.php(2): CodeIgniter\Debug\Exceptions->errorHandler(2, 'Undefined array...', 'C:\\xampp\\htdocs...', 2)
#1 C:\xampp\htdocs\code4\system\View\View.php(210): include('C:\\xampp\\htdocs...')
#2 C:\xampp\htdocs\code4\system\View\View.php(213): CodeIgniter\View\View->CodeIgniter\View\{closure}()
#3 C:\xampp\htdocs\code4\system\Common.php(1089): CodeIgniter\View\View->render('actualizar', Array, true)
#4 C:\xampp\htdocs\code4\app\Controllers\Crud.php(101): view('actualizar', Array)
#5 C:\xampp\htdocs\code4\system\CodeIgniter.php(825): App\Controllers\Crud->obtenerNombre('assets', 'images', 'users', 'avatar-1.jpg')
#6 C:\xampp\htdocs\code4\system\CodeIgniter.php(412): CodeIgniter\CodeIgniter->runController(Object(App\Controllers\Crud))
#7 C:\xampp\htdocs\code4\system\CodeIgniter.php(320): CodeIgniter\CodeIgniter->handleRequest(NULL, Object(Config\Cache), false)
#8 C:\xampp\htdocs\code4\public\index.php(37): CodeIgniter\CodeIgniter->run()
#9 {main}
CRITICAL - 2022-02-28 06:55:51 --> Undefined array key 0
#0 C:\xampp\htdocs\code4\app\Views\actualizar.php(2): CodeIgniter\Debug\Exceptions->errorHandler(2, 'Undefined array...', 'C:\\xampp\\htdocs...', 2)
#1 C:\xampp\htdocs\code4\system\View\View.php(210): include('C:\\xampp\\htdocs...')
#2 C:\xampp\htdocs\code4\system\View\View.php(213): CodeIgniter\View\View->CodeIgniter\View\{closure}()
#3 C:\xampp\htdocs\code4\system\Common.php(1089): CodeIgniter\View\View->render('actualizar', Array, true)
#4 C:\xampp\htdocs\code4\app\Controllers\Crud.php(101): view('actualizar', Array)
#5 C:\xampp\htdocs\code4\system\CodeIgniter.php(825): App\Controllers\Crud->obtenerNombre('assets', 'images', 'favicon.ico')
#6 C:\xampp\htdocs\code4\system\CodeIgniter.php(412): CodeIgniter\CodeIgniter->runController(Object(App\Controllers\Crud))
#7 C:\xampp\htdocs\code4\system\CodeIgniter.php(320): CodeIgniter\CodeIgniter->handleRequest(NULL, Object(Config\Cache), false)
#8 C:\xampp\htdocs\code4\public\index.php(37): CodeIgniter\CodeIgniter->run()
#9 {main}
CRITICAL - 2022-02-28 06:57:11 --> Undefined array key 0
#0 C:\xampp\htdocs\code4\app\Views\actualizar.php(2): CodeIgniter\Debug\Exceptions->errorHandler(2, 'Undefined array...', 'C:\\xampp\\htdocs...', 2)
#1 C:\xampp\htdocs\code4\system\View\View.php(210): include('C:\\xampp\\htdocs...')
#2 C:\xampp\htdocs\code4\system\View\View.php(213): CodeIgniter\View\View->CodeIgniter\View\{closure}()
#3 C:\xampp\htdocs\code4\system\Common.php(1089): CodeIgniter\View\View->render('actualizar', Array, true)
#4 C:\xampp\htdocs\code4\app\Controllers\Crud.php(101): view('actualizar', Array)
#5 C:\xampp\htdocs\code4\system\CodeIgniter.php(825): App\Controllers\Crud->obtenerNombre('assets', 'plugins', 'datatables', 'responsive.boot...')
#6 C:\xampp\htdocs\code4\system\CodeIgniter.php(412): CodeIgniter\CodeIgniter->runController(Object(App\Controllers\Crud))
#7 C:\xampp\htdocs\code4\system\CodeIgniter.php(320): CodeIgniter\CodeIgniter->handleRequest(NULL, Object(Config\Cache), false)
#8 C:\xampp\htdocs\code4\public\index.php(37): CodeIgniter\CodeIgniter->run()
#9 {main}
CRITICAL - 2022-02-28 06:57:11 --> Undefined array key 0
#0 C:\xampp\htdocs\code4\app\Views\actualizar.php(2): CodeIgniter\Debug\Exceptions->errorHandler(2, 'Undefined array...', 'C:\\xampp\\htdocs...', 2)
#1 C:\xampp\htdocs\code4\system\View\View.php(210): include('C:\\xampp\\htdocs...')
#2 C:\xampp\htdocs\code4\system\View\View.php(213): CodeIgniter\View\View->CodeIgniter\View\{closure}()
#3 C:\xampp\htdocs\code4\system\Common.php(1089): CodeIgniter\View\View->render('actualizar', Array, true)
#4 C:\xampp\htdocs\code4\app\Controllers\Crud.php(101): view('actualizar', Array)
#5 C:\xampp\htdocs\code4\system\CodeIgniter.php(825): App\Controllers\Crud->obtenerNombre('assets', 'images', 'users', 'avatar-1.jpg')
#6 C:\xampp\htdocs\code4\system\CodeIgniter.php(412): CodeIgniter\CodeIgniter->runController(Object(App\Controllers\Crud))
#7 C:\xampp\htdocs\code4\system\CodeIgniter.php(320): CodeIgniter\CodeIgniter->handleRequest(NULL, Object(Config\Cache), false)
#8 C:\xampp\htdocs\code4\public\index.php(37): CodeIgniter\CodeIgniter->run()
#9 {main}
CRITICAL - 2022-02-28 06:57:11 --> Undefined array key 0
#0 C:\xampp\htdocs\code4\app\Views\actualizar.php(2): CodeIgniter\Debug\Exceptions->errorHandler(2, 'Undefined array...', 'C:\\xampp\\htdocs...', 2)
#1 C:\xampp\htdocs\code4\system\View\View.php(210): include('C:\\xampp\\htdocs...')
#2 C:\xampp\htdocs\code4\system\View\View.php(213): CodeIgniter\View\View->CodeIgniter\View\{closure}()
#3 C:\xampp\htdocs\code4\system\Common.php(1089): CodeIgniter\View\View->render('actualizar', Array, true)
#4 C:\xampp\htdocs\code4\app\Controllers\Crud.php(101): view('actualizar', Array)
#5 C:\xampp\htdocs\code4\system\CodeIgniter.php(825): App\Controllers\Crud->obtenerNombre('assets', 'plugins', 'datatables', 'dataTables.boot...')
#6 C:\xampp\htdocs\code4\system\CodeIgniter.php(412): CodeIgniter\CodeIgniter->runController(Object(App\Controllers\Crud))
#7 C:\xampp\htdocs\code4\system\CodeIgniter.php(320): CodeIgniter\CodeIgniter->handleRequest(NULL, Object(Config\Cache), false)
#8 C:\xampp\htdocs\code4\public\index.php(37): CodeIgniter\CodeIgniter->run()
#9 {main}
CRITICAL - 2022-02-28 06:57:11 --> Undefined array key 0
#0 C:\xampp\htdocs\code4\app\Views\actualizar.php(2): CodeIgniter\Debug\Exceptions->errorHandler(2, 'Undefined array...', 'C:\\xampp\\htdocs...', 2)
#1 C:\xampp\htdocs\code4\system\View\View.php(210): include('C:\\xampp\\htdocs...')
#2 C:\xampp\htdocs\code4\system\View\View.php(213): CodeIgniter\View\View->CodeIgniter\View\{closure}()
#3 C:\xampp\htdocs\code4\system\Common.php(1089): CodeIgniter\View\View->render('actualizar', Array, true)
#4 C:\xampp\htdocs\code4\app\Controllers\Crud.php(101): view('actualizar', Array)
#5 C:\xampp\htdocs\code4\system\CodeIgniter.php(825): App\Controllers\Crud->obtenerNombre('assets', 'images', 'logo_sm.png')
#6 C:\xampp\htdocs\code4\system\CodeIgniter.php(412): CodeIgniter\CodeIgniter->runController(Object(App\Controllers\Crud))
#7 C:\xampp\htdocs\code4\system\CodeIgniter.php(320): CodeIgniter\CodeIgniter->handleRequest(NULL, Object(Config\Cache), false)
#8 C:\xampp\htdocs\code4\public\index.php(37): CodeIgniter\CodeIgniter->run()
#9 {main}
CRITICAL - 2022-02-28 06:57:11 --> Undefined array key 0
#0 C:\xampp\htdocs\code4\app\Views\actualizar.php(2): CodeIgniter\Debug\Exceptions->errorHandler(2, 'Undefined array...', 'C:\\xampp\\htdocs...', 2)
#1 C:\xampp\htdocs\code4\system\View\View.php(210): include('C:\\xampp\\htdocs...')
#2 C:\xampp\htdocs\code4\system\View\View.php(213): CodeIgniter\View\View->CodeIgniter\View\{closure}()
#3 C:\xampp\htdocs\code4\system\Common.php(1089): CodeIgniter\View\View->render('actualizar', Array, true)
#4 C:\xampp\htdocs\code4\app\Controllers\Crud.php(101): view('actualizar', Array)
#5 C:\xampp\htdocs\code4\system\CodeIgniter.php(825): App\Controllers\Crud->obtenerNombre('assets', 'images', 'logo_white_2.pn...')
#6 C:\xampp\htdocs\code4\system\CodeIgniter.php(412): CodeIgniter\CodeIgniter->runController(Object(App\Controllers\Crud))
#7 C:\xampp\htdocs\code4\system\CodeIgniter.php(320): CodeIgniter\CodeIgniter->handleRequest(NULL, Object(Config\Cache), false)
#8 C:\xampp\htdocs\code4\public\index.php(37): CodeIgniter\CodeIgniter->run()
#9 {main}
CRITICAL - 2022-02-28 06:57:11 --> Undefined array key 0
#0 C:\xampp\htdocs\code4\app\Views\actualizar.php(2): CodeIgniter\Debug\Exceptions->errorHandler(2, 'Undefined array...', 'C:\\xampp\\htdocs...', 2)
#1 C:\xampp\htdocs\code4\system\View\View.php(210): include('C:\\xampp\\htdocs...')
#2 C:\xampp\htdocs\code4\system\View\View.php(213): CodeIgniter\View\View->CodeIgniter\View\{closure}()
#3 C:\xampp\htdocs\code4\system\Common.php(1089): CodeIgniter\View\View->render('actualizar', Array, true)
#4 C:\xampp\htdocs\code4\app\Controllers\Crud.php(101): view('actualizar', Array)
#5 C:\xampp\htdocs\code4\system\CodeIgniter.php(825): App\Controllers\Crud->obtenerNombre('assets', 'images', 'favicon.ico')
#6 C:\xampp\htdocs\code4\system\CodeIgniter.php(412): CodeIgniter\CodeIgniter->runController(Object(App\Controllers\Crud))
#7 C:\xampp\htdocs\code4\system\CodeIgniter.php(320): CodeIgniter\CodeIgniter->handleRequest(NULL, Object(Config\Cache), false)
#8 C:\xampp\htdocs\code4\public\index.php(37): CodeIgniter\CodeIgniter->run()
#9 {main}
CRITICAL - 2022-02-28 06:58:35 --> Undefined array key 0
#0 C:\xampp\htdocs\code4\app\Views\actualizar.php(2): CodeIgniter\Debug\Exceptions->errorHandler(2, 'Undefined array...', 'C:\\xampp\\htdocs...', 2)
#1 C:\xampp\htdocs\code4\system\View\View.php(210): include('C:\\xampp\\htdocs...')
#2 C:\xampp\htdocs\code4\system\View\View.php(213): CodeIgniter\View\View->CodeIgniter\View\{closure}()
#3 C:\xampp\htdocs\code4\system\Common.php(1089): CodeIgniter\View\View->render('actualizar', Array, true)
#4 C:\xampp\htdocs\code4\app\Controllers\Crud.php(101): view('actualizar', Array)
#5 C:\xampp\htdocs\code4\system\CodeIgniter.php(825): App\Controllers\Crud->obtenerNombre('assets', 'css', 'icons.css')
#6 C:\xampp\htdocs\code4\system\CodeIgniter.php(412): CodeIgniter\CodeIgniter->runController(Object(App\Controllers\Crud))
#7 C:\xampp\htdocs\code4\system\CodeIgniter.php(320): CodeIgniter\CodeIgniter->handleRequest(NULL, Object(Config\Cache), false)
#8 C:\xampp\htdocs\code4\public\index.php(37): CodeIgniter\CodeIgniter->run()
#9 {main}
CRITICAL - 2022-02-28 06:58:35 --> Undefined array key 0
#0 C:\xampp\htdocs\code4\app\Views\actualizar.php(2): CodeIgniter\Debug\Exceptions->errorHandler(2, 'Undefined array...', 'C:\\xampp\\htdocs...', 2)
#1 C:\xampp\htdocs\code4\system\View\View.php(210): include('C:\\xampp\\htdocs...')
#2 C:\xampp\htdocs\code4\system\View\View.php(213): CodeIgniter\View\View->CodeIgniter\View\{closure}()
#3 C:\xampp\htdocs\code4\system\Common.php(1089): CodeIgniter\View\View->render('actualizar', Array, true)
#4 C:\xampp\htdocs\code4\app\Controllers\Crud.php(101): view('actualizar', Array)
#5 C:\xampp\htdocs\code4\system\CodeIgniter.php(825): App\Controllers\Crud->obtenerNombre('assets', 'css', 'bootstrap.min.c...')
#6 C:\xampp\htdocs\code4\system\CodeIgniter.php(412): CodeIgniter\CodeIgniter->runController(Object(App\Controllers\Crud))
#7 C:\xampp\htdocs\code4\system\CodeIgniter.php(320): CodeIgniter\CodeIgniter->handleRequest(NULL, Object(Config\Cache), false)
#8 C:\xampp\htdocs\code4\public\index.php(37): CodeIgniter\CodeIgniter->run()
#9 {main}
CRITICAL - 2022-02-28 06:58:35 --> Undefined array key 0
#0 C:\xampp\htdocs\code4\app\Views\actualizar.php(2): CodeIgniter\Debug\Exceptions->errorHandler(2, 'Undefined array...', 'C:\\xampp\\htdocs...', 2)
#1 C:\xampp\htdocs\code4\system\View\View.php(210): include('C:\\xampp\\htdocs...')
#2 C:\xampp\htdocs\code4\system\View\View.php(213): CodeIgniter\View\View->CodeIgniter\View\{closure}()
#3 C:\xampp\htdocs\code4\system\Common.php(1089): CodeIgniter\View\View->render('actualizar', Array, true)
#4 C:\xampp\htdocs\code4\app\Controllers\Crud.php(101): view('actualizar', Array)
#5 C:\xampp\htdocs\code4\system\CodeIgniter.php(825): App\Controllers\Crud->obtenerNombre('assets', 'plugins', 'datatables', 'dataTables.boot...')
#6 C:\xampp\htdocs\code4\system\CodeIgniter.php(412): CodeIgniter\CodeIgniter->runController(Object(App\Controllers\Crud))
#7 C:\xampp\htdocs\code4\system\CodeIgniter.php(320): CodeIgniter\CodeIgniter->handleRequest(NULL, Object(Config\Cache), false)
#8 C:\xampp\htdocs\code4\public\index.php(37): CodeIgniter\CodeIgniter->run()
#9 {main}
CRITICAL - 2022-02-28 06:58:35 --> Undefined array key 0
#0 C:\xampp\htdocs\code4\app\Views\actualizar.php(2): CodeIgniter\Debug\Exceptions->errorHandler(2, 'Undefined array...', 'C:\\xampp\\htdocs...', 2)
#1 C:\xampp\htdocs\code4\system\View\View.php(210): include('C:\\xampp\\htdocs...')
#2 C:\xampp\htdocs\code4\system\View\View.php(213): CodeIgniter\View\View->CodeIgniter\View\{closure}()
#3 C:\xampp\htdocs\code4\system\Common.php(1089): CodeIgniter\View\View->render('actualizar', Array, true)
#4 C:\xampp\htdocs\code4\app\Controllers\Crud.php(101): view('actualizar', Array)
#5 C:\xampp\htdocs\code4\system\CodeIgniter.php(825): App\Controllers\Crud->obtenerNombre('assets', 'css', 'style.css')
#6 C:\xampp\htdocs\code4\system\CodeIgniter.php(412): CodeIgniter\CodeIgniter->runController(Object(App\Controllers\Crud))
#7 C:\xampp\htdocs\code4\system\CodeIgniter.php(320): CodeIgniter\CodeIgniter->handleRequest(NULL, Object(Config\Cache), false)
#8 C:\xampp\htdocs\code4\public\index.php(37): CodeIgniter\CodeIgniter->run()
#9 {main}
CRITICAL - 2022-02-28 06:58:35 --> Undefined array key 0
#0 C:\xampp\htdocs\code4\app\Views\actualizar.php(2): CodeIgniter\Debug\Exceptions->errorHandler(2, 'Undefined array...', 'C:\\xampp\\htdocs...', 2)
#1 C:\xampp\htdocs\code4\system\View\View.php(210): include('C:\\xampp\\htdocs...')
#2 C:\xampp\htdocs\code4\system\View\View.php(213): CodeIgniter\View\View->CodeIgniter\View\{closure}()
#3 C:\xampp\htdocs\code4\system\Common.php(1089): CodeIgniter\View\View->render('actualizar', Array, true)
#4 C:\xampp\htdocs\code4\app\Controllers\Crud.php(101): view('actualizar', Array)
#5 C:\xampp\htdocs\code4\system\CodeIgniter.php(825): App\Controllers\Crud->obtenerNombre('assets', 'images', 'logo_white_2.pn...')
#6 C:\xampp\htdocs\code4\system\CodeIgniter.php(412): CodeIgniter\CodeIgniter->runController(Object(App\Controllers\Crud))
#7 C:\xampp\htdocs\code4\system\CodeIgniter.php(320): CodeIgniter\CodeIgniter->handleRequest(NULL, Object(Config\Cache), false)
#8 C:\xampp\htdocs\code4\public\index.php(37): CodeIgniter\CodeIgniter->run()
#9 {main}
CRITICAL - 2022-02-28 06:58:35 --> Undefined array key 0
#0 C:\xampp\htdocs\code4\app\Views\actualizar.php(2): CodeIgniter\Debug\Exceptions->errorHandler(2, 'Undefined array...', 'C:\\xampp\\htdocs...', 2)
#1 C:\xampp\htdocs\code4\system\View\View.php(210): include('C:\\xampp\\htdocs...')
#2 C:\xampp\htdocs\code4\system\View\View.php(213): CodeIgniter\View\View->CodeIgniter\View\{closure}()
#3 C:\xampp\htdocs\code4\system\Common.php(1089): CodeIgniter\View\View->render('actualizar', Array, true)
#4 C:\xampp\htdocs\code4\app\Controllers\Crud.php(101): view('actualizar', Array)
#5 C:\xampp\htdocs\code4\system\CodeIgniter.php(825): App\Controllers\Crud->obtenerNombre('assets', 'images', 'logo_sm.png')
#6 C:\xampp\htdocs\code4\system\CodeIgniter.php(412): CodeIgniter\CodeIgniter->runController(Object(App\Controllers\Crud))
#7 C:\xampp\htdocs\code4\system\CodeIgniter.php(320): CodeIgniter\CodeIgniter->handleRequest(NULL, Object(Config\Cache), false)
#8 C:\xampp\htdocs\code4\public\index.php(37): CodeIgniter\CodeIgniter->run()
#9 {main}
CRITICAL - 2022-02-28 06:58:35 --> Undefined array key 0
#0 C:\xampp\htdocs\code4\app\Views\actualizar.php(2): CodeIgniter\Debug\Exceptions->errorHandler(2, 'Undefined array...', 'C:\\xampp\\htdocs...', 2)
#1 C:\xampp\htdocs\code4\system\View\View.php(210): include('C:\\xampp\\htdocs...')
#2 C:\xampp\htdocs\code4\system\View\View.php(213): CodeIgniter\View\View->CodeIgniter\View\{closure}()
#3 C:\xampp\htdocs\code4\system\Common.php(1089): CodeIgniter\View\View->render('actualizar', Array, true)
#4 C:\xampp\htdocs\code4\app\Controllers\Crud.php(101): view('actualizar', Array)
#5 C:\xampp\htdocs\code4\system\CodeIgniter.php(825): App\Controllers\Crud->obtenerNombre('assets', 'images', 'users', 'avatar-1.jpg')
#6 C:\xampp\htdocs\code4\system\CodeIgniter.php(412): CodeIgniter\CodeIgniter->runController(Object(App\Controllers\Crud))
#7 C:\xampp\htdocs\code4\system\CodeIgniter.php(320): CodeIgniter\CodeIgniter->handleRequest(NULL, Object(Config\Cache), false)
#8 C:\xampp\htdocs\code4\public\index.php(37): CodeIgniter\CodeIgniter->run()
#9 {main}
CRITICAL - 2022-02-28 06:58:35 --> Undefined array key 0
#0 C:\xampp\htdocs\code4\app\Views\actualizar.php(2): CodeIgniter\Debug\Exceptions->errorHandler(2, 'Undefined array...', 'C:\\xampp\\htdocs...', 2)
#1 C:\xampp\htdocs\code4\system\View\View.php(210): include('C:\\xampp\\htdocs...')
#2 C:\xampp\htdocs\code4\system\View\View.php(213): CodeIgniter\View\View->CodeIgniter\View\{closure}()
#3 C:\xampp\htdocs\code4\system\Common.php(1089): CodeIgniter\View\View->render('actualizar', Array, true)
#4 C:\xampp\htdocs\code4\app\Controllers\Crud.php(101): view('actualizar', Array)
#5 C:\xampp\htdocs\code4\system\CodeIgniter.php(825): App\Controllers\Crud->obtenerNombre('assets', 'images', 'favicon.ico')
#6 C:\xampp\htdocs\code4\system\CodeIgniter.php(412): CodeIgniter\CodeIgniter->runController(Object(App\Controllers\Crud))
#7 C:\xampp\htdocs\code4\system\CodeIgniter.php(320): CodeIgniter\CodeIgniter->handleRequest(NULL, Object(Config\Cache), false)
#8 C:\xampp\htdocs\code4\public\index.php(37): CodeIgniter\CodeIgniter->run()
#9 {main}
CRITICAL - 2022-02-28 06:59:52 --> Undefined array key 0
#0 C:\xampp\htdocs\code4\app\Views\actualizar.php(2): CodeIgniter\Debug\Exceptions->errorHandler(2, 'Undefined array...', 'C:\\xampp\\htdocs...', 2)
#1 C:\xampp\htdocs\code4\system\View\View.php(210): include('C:\\xampp\\htdocs...')
#2 C:\xampp\htdocs\code4\system\View\View.php(213): CodeIgniter\View\View->CodeIgniter\View\{closure}()
#3 C:\xampp\htdocs\code4\system\Common.php(1089): CodeIgniter\View\View->render('actualizar', Array, true)
#4 C:\xampp\htdocs\code4\app\Controllers\Crud.php(101): view('actualizar', Array)
#5 C:\xampp\htdocs\code4\system\CodeIgniter.php(825): App\Controllers\Crud->obtenerNombre('assets', 'images', 'logo_white_2.pn...')
#6 C:\xampp\htdocs\code4\system\CodeIgniter.php(412): CodeIgniter\CodeIgniter->runController(Object(App\Controllers\Crud))
#7 C:\xampp\htdocs\code4\system\CodeIgniter.php(320): CodeIgniter\CodeIgniter->handleRequest(NULL, Object(Config\Cache), false)
#8 C:\xampp\htdocs\code4\public\index.php(37): CodeIgniter\CodeIgniter->run()
#9 {main}
CRITICAL - 2022-02-28 06:59:52 --> Undefined array key 0
#0 C:\xampp\htdocs\code4\app\Views\actualizar.php(2): CodeIgniter\Debug\Exceptions->errorHandler(2, 'Undefined array...', 'C:\\xampp\\htdocs...', 2)
#1 C:\xampp\htdocs\code4\system\View\View.php(210): include('C:\\xampp\\htdocs...')
#2 C:\xampp\htdocs\code4\system\View\View.php(213): CodeIgniter\View\View->CodeIgniter\View\{closure}()
#3 C:\xampp\htdocs\code4\system\Common.php(1089): CodeIgniter\View\View->render('actualizar', Array, true)
#4 C:\xampp\htdocs\code4\app\Controllers\Crud.php(101): view('actualizar', Array)
#5 C:\xampp\htdocs\code4\system\CodeIgniter.php(825): App\Controllers\Crud->obtenerNombre('assets', 'images', 'logo_sm.png')
#6 C:\xampp\htdocs\code4\system\CodeIgniter.php(412): CodeIgniter\CodeIgniter->runController(Object(App\Controllers\Crud))
#7 C:\xampp\htdocs\code4\system\CodeIgniter.php(320): CodeIgniter\CodeIgniter->handleRequest(NULL, Object(Config\Cache), false)
#8 C:\xampp\htdocs\code4\public\index.php(37): CodeIgniter\CodeIgniter->run()
#9 {main}
CRITICAL - 2022-02-28 06:59:52 --> Undefined array key 0
#0 C:\xampp\htdocs\code4\app\Views\actualizar.php(2): CodeIgniter\Debug\Exceptions->errorHandler(2, 'Undefined array...', 'C:\\xampp\\htdocs...', 2)
#1 C:\xampp\htdocs\code4\system\View\View.php(210): include('C:\\xampp\\htdocs...')
#2 C:\xampp\htdocs\code4\system\View\View.php(213): CodeIgniter\View\View->CodeIgniter\View\{closure}()
#3 C:\xampp\htdocs\code4\system\Common.php(1089): CodeIgniter\View\View->render('actualizar', Array, true)
#4 C:\xampp\htdocs\code4\app\Controllers\Crud.php(101): view('actualizar', Array)
#5 C:\xampp\htdocs\code4\system\CodeIgniter.php(825): App\Controllers\Crud->obtenerNombre('assets', 'images', 'users', 'avatar-1.jpg')
#6 C:\xampp\htdocs\code4\system\CodeIgniter.php(412): CodeIgniter\CodeIgniter->runController(Object(App\Controllers\Crud))
#7 C:\xampp\htdocs\code4\system\CodeIgniter.php(320): CodeIgniter\CodeIgniter->handleRequest(NULL, Object(Config\Cache), false)
#8 C:\xampp\htdocs\code4\public\index.php(37): CodeIgniter\CodeIgniter->run()
#9 {main}
CRITICAL - 2022-02-28 06:59:52 --> Undefined array key 0
#0 C:\xampp\htdocs\code4\app\Views\actualizar.php(2): CodeIgniter\Debug\Exceptions->errorHandler(2, 'Undefined array...', 'C:\\xampp\\htdocs...', 2)
#1 C:\xampp\htdocs\code4\system\View\View.php(210): include('C:\\xampp\\htdocs...')
#2 C:\xampp\htdocs\code4\system\View\View.php(213): CodeIgniter\View\View->CodeIgniter\View\{closure}()
#3 C:\xampp\htdocs\code4\system\Common.php(1089): CodeIgniter\View\View->render('actualizar', Array, true)
#4 C:\xampp\htdocs\code4\app\Controllers\Crud.php(101): view('actualizar', Array)
#5 C:\xampp\htdocs\code4\system\CodeIgniter.php(825): App\Controllers\Crud->obtenerNombre('assets', 'images', 'favicon.ico')
#6 C:\xampp\htdocs\code4\system\CodeIgniter.php(412): CodeIgniter\CodeIgniter->runController(Object(App\Controllers\Crud))
#7 C:\xampp\htdocs\code4\system\CodeIgniter.php(320): CodeIgniter\CodeIgniter->handleRequest(NULL, Object(Config\Cache), false)
#8 C:\xampp\htdocs\code4\public\index.php(37): CodeIgniter\CodeIgniter->run()
#9 {main}
CRITICAL - 2022-02-28 07:00:26 --> Undefined array key 0
#0 C:\xampp\htdocs\code4\app\Views\actualizar.php(2): CodeIgniter\Debug\Exceptions->errorHandler(2, 'Undefined array...', 'C:\\xampp\\htdocs...', 2)
#1 C:\xampp\htdocs\code4\system\View\View.php(210): include('C:\\xampp\\htdocs...')
#2 C:\xampp\htdocs\code4\system\View\View.php(213): CodeIgniter\View\View->CodeIgniter\View\{closure}()
#3 C:\xampp\htdocs\code4\system\Common.php(1089): CodeIgniter\View\View->render('actualizar', Array, true)
#4 C:\xampp\htdocs\code4\app\Controllers\Crud.php(101): view('actualizar', Array)
#5 C:\xampp\htdocs\code4\system\CodeIgniter.php(825): App\Controllers\Crud->obtenerNombre('assets', 'images', 'logo_white_2.pn...')
#6 C:\xampp\htdocs\code4\system\CodeIgniter.php(412): CodeIgniter\CodeIgniter->runController(Object(App\Controllers\Crud))
#7 C:\xampp\htdocs\code4\system\CodeIgniter.php(320): CodeIgniter\CodeIgniter->handleRequest(NULL, Object(Config\Cache), false)
#8 C:\xampp\htdocs\code4\public\index.php(37): CodeIgniter\CodeIgniter->run()
#9 {main}
CRITICAL - 2022-02-28 07:00:26 --> Undefined array key 0
#0 C:\xampp\htdocs\code4\app\Views\actualizar.php(2): CodeIgniter\Debug\Exceptions->errorHandler(2, 'Undefined array...', 'C:\\xampp\\htdocs...', 2)
#1 C:\xampp\htdocs\code4\system\View\View.php(210): include('C:\\xampp\\htdocs...')
#2 C:\xampp\htdocs\code4\system\View\View.php(213): CodeIgniter\View\View->CodeIgniter\View\{closure}()
#3 C:\xampp\htdocs\code4\system\Common.php(1089): CodeIgniter\View\View->render('actualizar', Array, true)
#4 C:\xampp\htdocs\code4\app\Controllers\Crud.php(101): view('actualizar', Array)
#5 C:\xampp\htdocs\code4\system\CodeIgniter.php(825): App\Controllers\Crud->obtenerNombre('assets', 'images', 'logo_sm.png')
#6 C:\xampp\htdocs\code4\system\CodeIgniter.php(412): CodeIgniter\CodeIgniter->runController(Object(App\Controllers\Crud))
#7 C:\xampp\htdocs\code4\system\CodeIgniter.php(320): CodeIgniter\CodeIgniter->handleRequest(NULL, Object(Config\Cache), false)
#8 C:\xampp\htdocs\code4\public\index.php(37): CodeIgniter\CodeIgniter->run()
#9 {main}
CRITICAL - 2022-02-28 07:00:26 --> Undefined array key 0
#0 C:\xampp\htdocs\code4\app\Views\actualizar.php(2): CodeIgniter\Debug\Exceptions->errorHandler(2, 'Undefined array...', 'C:\\xampp\\htdocs...', 2)
#1 C:\xampp\htdocs\code4\system\View\View.php(210): include('C:\\xampp\\htdocs...')
#2 C:\xampp\htdocs\code4\system\View\View.php(213): CodeIgniter\View\View->CodeIgniter\View\{closure}()
#3 C:\xampp\htdocs\code4\system\Common.php(1089): CodeIgniter\View\View->render('actualizar', Array, true)
#4 C:\xampp\htdocs\code4\app\Controllers\Crud.php(101): view('actualizar', Array)
#5 C:\xampp\htdocs\code4\system\CodeIgniter.php(825): App\Controllers\Crud->obtenerNombre('assets', 'images', 'users', 'avatar-1.jpg')
#6 C:\xampp\htdocs\code4\system\CodeIgniter.php(412): CodeIgniter\CodeIgniter->runController(Object(App\Controllers\Crud))
#7 C:\xampp\htdocs\code4\system\CodeIgniter.php(320): CodeIgniter\CodeIgniter->handleRequest(NULL, Object(Config\Cache), false)
#8 C:\xampp\htdocs\code4\public\index.php(37): CodeIgniter\CodeIgniter->run()
#9 {main}
CRITICAL - 2022-02-28 07:00:50 --> Undefined array key 0
#0 C:\xampp\htdocs\code4\app\Views\actualizar.php(2): CodeIgniter\Debug\Exceptions->errorHandler(2, 'Undefined array...', 'C:\\xampp\\htdocs...', 2)
#1 C:\xampp\htdocs\code4\system\View\View.php(210): include('C:\\xampp\\htdocs...')
#2 C:\xampp\htdocs\code4\system\View\View.php(213): CodeIgniter\View\View->CodeIgniter\View\{closure}()
#3 C:\xampp\htdocs\code4\system\Common.php(1089): CodeIgniter\View\View->render('actualizar', Array, true)
#4 C:\xampp\htdocs\code4\app\Controllers\Crud.php(101): view('actualizar', Array)
#5 C:\xampp\htdocs\code4\system\CodeIgniter.php(825): App\Controllers\Crud->obtenerNombre('assets', 'images', 'logo_white_2.pn...')
#6 C:\xampp\htdocs\code4\system\CodeIgniter.php(412): CodeIgniter\CodeIgniter->runController(Object(App\Controllers\Crud))
#7 C:\xampp\htdocs\code4\system\CodeIgniter.php(320): CodeIgniter\CodeIgniter->handleRequest(NULL, Object(Config\Cache), false)
#8 C:\xampp\htdocs\code4\public\index.php(37): CodeIgniter\CodeIgniter->run()
#9 {main}
CRITICAL - 2022-02-28 07:00:50 --> Undefined array key 0
#0 C:\xampp\htdocs\code4\app\Views\actualizar.php(2): CodeIgniter\Debug\Exceptions->errorHandler(2, 'Undefined array...', 'C:\\xampp\\htdocs...', 2)
#1 C:\xampp\htdocs\code4\system\View\View.php(210): include('C:\\xampp\\htdocs...')
#2 C:\xampp\htdocs\code4\system\View\View.php(213): CodeIgniter\View\View->CodeIgniter\View\{closure}()
#3 C:\xampp\htdocs\code4\system\Common.php(1089): CodeIgniter\View\View->render('actualizar', Array, true)
#4 C:\xampp\htdocs\code4\app\Controllers\Crud.php(101): view('actualizar', Array)
#5 C:\xampp\htdocs\code4\system\CodeIgniter.php(825): App\Controllers\Crud->obtenerNombre('assets', 'images', 'logo_sm.png')
#6 C:\xampp\htdocs\code4\system\CodeIgniter.php(412): CodeIgniter\CodeIgniter->runController(Object(App\Controllers\Crud))
#7 C:\xampp\htdocs\code4\system\CodeIgniter.php(320): CodeIgniter\CodeIgniter->handleRequest(NULL, Object(Config\Cache), false)
#8 C:\xampp\htdocs\code4\public\index.php(37): CodeIgniter\CodeIgniter->run()
#9 {main}
CRITICAL - 2022-02-28 07:00:50 --> Undefined array key 0
#0 C:\xampp\htdocs\code4\app\Views\actualizar.php(2): CodeIgniter\Debug\Exceptions->errorHandler(2, 'Undefined array...', 'C:\\xampp\\htdocs...', 2)
#1 C:\xampp\htdocs\code4\system\View\View.php(210): include('C:\\xampp\\htdocs...')
#2 C:\xampp\htdocs\code4\system\View\View.php(213): CodeIgniter\View\View->CodeIgniter\View\{closure}()
#3 C:\xampp\htdocs\code4\system\Common.php(1089): CodeIgniter\View\View->render('actualizar', Array, true)
#4 C:\xampp\htdocs\code4\app\Controllers\Crud.php(101): view('actualizar', Array)
#5 C:\xampp\htdocs\code4\system\CodeIgniter.php(825): App\Controllers\Crud->obtenerNombre('assets', 'images', 'users', 'avatar-1.jpg')
#6 C:\xampp\htdocs\code4\system\CodeIgniter.php(412): CodeIgniter\CodeIgniter->runController(Object(App\Controllers\Crud))
#7 C:\xampp\htdocs\code4\system\CodeIgniter.php(320): CodeIgniter\CodeIgniter->handleRequest(NULL, Object(Config\Cache), false)
#8 C:\xampp\htdocs\code4\public\index.php(37): CodeIgniter\CodeIgniter->run()
#9 {main}
CRITICAL - 2022-02-28 07:00:51 --> Undefined array key 0
#0 C:\xampp\htdocs\code4\app\Views\actualizar.php(2): CodeIgniter\Debug\Exceptions->errorHandler(2, 'Undefined array...', 'C:\\xampp\\htdocs...', 2)
#1 C:\xampp\htdocs\code4\system\View\View.php(210): include('C:\\xampp\\htdocs...')
#2 C:\xampp\htdocs\code4\system\View\View.php(213): CodeIgniter\View\View->CodeIgniter\View\{closure}()
#3 C:\xampp\htdocs\code4\system\Common.php(1089): CodeIgniter\View\View->render('actualizar', Array, true)
#4 C:\xampp\htdocs\code4\app\Controllers\Crud.php(101): view('actualizar', Array)
#5 C:\xampp\htdocs\code4\system\CodeIgniter.php(825): App\Controllers\Crud->obtenerNombre('assets', 'images', 'logo_white_2.pn...')
#6 C:\xampp\htdocs\code4\system\CodeIgniter.php(412): CodeIgniter\CodeIgniter->runController(Object(App\Controllers\Crud))
#7 C:\xampp\htdocs\code4\system\CodeIgniter.php(320): CodeIgniter\CodeIgniter->handleRequest(NULL, Object(Config\Cache), false)
#8 C:\xampp\htdocs\code4\public\index.php(37): CodeIgniter\CodeIgniter->run()
#9 {main}
CRITICAL - 2022-02-28 07:00:51 --> Undefined array key 0
#0 C:\xampp\htdocs\code4\app\Views\actualizar.php(2): CodeIgniter\Debug\Exceptions->errorHandler(2, 'Undefined array...', 'C:\\xampp\\htdocs...', 2)
#1 C:\xampp\htdocs\code4\system\View\View.php(210): include('C:\\xampp\\htdocs...')
#2 C:\xampp\htdocs\code4\system\View\View.php(213): CodeIgniter\View\View->CodeIgniter\View\{closure}()
#3 C:\xampp\htdocs\code4\system\Common.php(1089): CodeIgniter\View\View->render('actualizar', Array, true)
#4 C:\xampp\htdocs\code4\app\Controllers\Crud.php(101): view('actualizar', Array)
#5 C:\xampp\htdocs\code4\system\CodeIgniter.php(825): App\Controllers\Crud->obtenerNombre('assets', 'images', 'logo_sm.png')
#6 C:\xampp\htdocs\code4\system\CodeIgniter.php(412): CodeIgniter\CodeIgniter->runController(Object(App\Controllers\Crud))
#7 C:\xampp\htdocs\code4\system\CodeIgniter.php(320): CodeIgniter\CodeIgniter->handleRequest(NULL, Object(Config\Cache), false)
#8 C:\xampp\htdocs\code4\public\index.php(37): CodeIgniter\CodeIgniter->run()
#9 {main}
CRITICAL - 2022-02-28 07:00:51 --> Undefined array key 0
#0 C:\xampp\htdocs\code4\app\Views\actualizar.php(2): CodeIgniter\Debug\Exceptions->errorHandler(2, 'Undefined array...', 'C:\\xampp\\htdocs...', 2)
#1 C:\xampp\htdocs\code4\system\View\View.php(210): include('C:\\xampp\\htdocs...')
#2 C:\xampp\htdocs\code4\system\View\View.php(213): CodeIgniter\View\View->CodeIgniter\View\{closure}()
#3 C:\xampp\htdocs\code4\system\Common.php(1089): CodeIgniter\View\View->render('actualizar', Array, true)
#4 C:\xampp\htdocs\code4\app\Controllers\Crud.php(101): view('actualizar', Array)
#5 C:\xampp\htdocs\code4\system\CodeIgniter.php(825): App\Controllers\Crud->obtenerNombre('assets', 'images', 'users', 'avatar-1.jpg')
#6 C:\xampp\htdocs\code4\system\CodeIgniter.php(412): CodeIgniter\CodeIgniter->runController(Object(App\Controllers\Crud))
#7 C:\xampp\htdocs\code4\system\CodeIgniter.php(320): CodeIgniter\CodeIgniter->handleRequest(NULL, Object(Config\Cache), false)
#8 C:\xampp\htdocs\code4\public\index.php(37): CodeIgniter\CodeIgniter->run()
#9 {main}
CRITICAL - 2022-02-28 07:00:53 --> Undefined array key 0
#0 C:\xampp\htdocs\code4\app\Views\actualizar.php(2): CodeIgniter\Debug\Exceptions->errorHandler(2, 'Undefined array...', 'C:\\xampp\\htdocs...', 2)
#1 C:\xampp\htdocs\code4\system\View\View.php(210): include('C:\\xampp\\htdocs...')
#2 C:\xampp\htdocs\code4\system\View\View.php(213): CodeIgniter\View\View->CodeIgniter\View\{closure}()
#3 C:\xampp\htdocs\code4\system\Common.php(1089): CodeIgniter\View\View->render('actualizar', Array, true)
#4 C:\xampp\htdocs\code4\app\Controllers\Crud.php(101): view('actualizar', Array)
#5 C:\xampp\htdocs\code4\system\CodeIgniter.php(825): App\Controllers\Crud->obtenerNombre('assets', 'images', 'logo_sm.png')
#6 C:\xampp\htdocs\code4\system\CodeIgniter.php(412): CodeIgniter\CodeIgniter->runController(Object(App\Controllers\Crud))
#7 C:\xampp\htdocs\code4\system\CodeIgniter.php(320): CodeIgniter\CodeIgniter->handleRequest(NULL, Object(Config\Cache), false)
#8 C:\xampp\htdocs\code4\public\index.php(37): CodeIgniter\CodeIgniter->run()
#9 {main}
CRITICAL - 2022-02-28 07:00:53 --> Undefined array key 0
#0 C:\xampp\htdocs\code4\app\Views\actualizar.php(2): CodeIgniter\Debug\Exceptions->errorHandler(2, 'Undefined array...', 'C:\\xampp\\htdocs...', 2)
#1 C:\xampp\htdocs\code4\system\View\View.php(210): include('C:\\xampp\\htdocs...')
#2 C:\xampp\htdocs\code4\system\View\View.php(213): CodeIgniter\View\View->CodeIgniter\View\{closure}()
#3 C:\xampp\htdocs\code4\system\Common.php(1089): CodeIgniter\View\View->render('actualizar', Array, true)
#4 C:\xampp\htdocs\code4\app\Controllers\Crud.php(101): view('actualizar', Array)
#5 C:\xampp\htdocs\code4\system\CodeIgniter.php(825): App\Controllers\Crud->obtenerNombre('assets', 'images', 'users', 'avatar-1.jpg')
#6 C:\xampp\htdocs\code4\system\CodeIgniter.php(412): CodeIgniter\CodeIgniter->runController(Object(App\Controllers\Crud))
#7 C:\xampp\htdocs\code4\system\CodeIgniter.php(320): CodeIgniter\CodeIgniter->handleRequest(NULL, Object(Config\Cache), false)
#8 C:\xampp\htdocs\code4\public\index.php(37): CodeIgniter\CodeIgniter->run()
#9 {main}
CRITICAL - 2022-02-28 07:00:53 --> Undefined array key 0
#0 C:\xampp\htdocs\code4\app\Views\actualizar.php(2): CodeIgniter\Debug\Exceptions->errorHandler(2, 'Undefined array...', 'C:\\xampp\\htdocs...', 2)
#1 C:\xampp\htdocs\code4\system\View\View.php(210): include('C:\\xampp\\htdocs...')
#2 C:\xampp\htdocs\code4\system\View\View.php(213): CodeIgniter\View\View->CodeIgniter\View\{closure}()
#3 C:\xampp\htdocs\code4\system\Common.php(1089): CodeIgniter\View\View->render('actualizar', Array, true)
#4 C:\xampp\htdocs\code4\app\Controllers\Crud.php(101): view('actualizar', Array)
#5 C:\xampp\htdocs\code4\system\CodeIgniter.php(825): App\Controllers\Crud->obtenerNombre('assets', 'images', 'logo_white_2.pn...')
#6 C:\xampp\htdocs\code4\system\CodeIgniter.php(412): CodeIgniter\CodeIgniter->runController(Object(App\Controllers\Crud))
#7 C:\xampp\htdocs\code4\system\CodeIgniter.php(320): CodeIgniter\CodeIgniter->handleRequest(NULL, Object(Config\Cache), false)
#8 C:\xampp\htdocs\code4\public\index.php(37): CodeIgniter\CodeIgniter->run()
#9 {main}
CRITICAL - 2022-02-28 07:01:23 --> Undefined array key 0
#0 C:\xampp\htdocs\code4\app\Views\actualizar.php(2): CodeIgniter\Debug\Exceptions->errorHandler(2, 'Undefined array...', 'C:\\xampp\\htdocs...', 2)
#1 C:\xampp\htdocs\code4\system\View\View.php(210): include('C:\\xampp\\htdocs...')
#2 C:\xampp\htdocs\code4\system\View\View.php(213): CodeIgniter\View\View->CodeIgniter\View\{closure}()
#3 C:\xampp\htdocs\code4\system\Common.php(1089): CodeIgniter\View\View->render('actualizar', Array, true)
#4 C:\xampp\htdocs\code4\app\Controllers\Crud.php(101): view('actualizar', Array)
#5 C:\xampp\htdocs\code4\system\CodeIgniter.php(825): App\Controllers\Crud->obtenerNombre('assets', 'images', 'logo_sm.png')
#6 C:\xampp\htdocs\code4\system\CodeIgniter.php(412): CodeIgniter\CodeIgniter->runController(Object(App\Controllers\Crud))
#7 C:\xampp\htdocs\code4\system\CodeIgniter.php(320): CodeIgniter\CodeIgniter->handleRequest(NULL, Object(Config\Cache), false)
#8 C:\xampp\htdocs\code4\public\index.php(37): CodeIgniter\CodeIgniter->run()
#9 {main}
CRITICAL - 2022-02-28 07:01:23 --> Undefined array key 0
#0 C:\xampp\htdocs\code4\app\Views\actualizar.php(2): CodeIgniter\Debug\Exceptions->errorHandler(2, 'Undefined array...', 'C:\\xampp\\htdocs...', 2)
#1 C:\xampp\htdocs\code4\system\View\View.php(210): include('C:\\xampp\\htdocs...')
#2 C:\xampp\htdocs\code4\system\View\View.php(213): CodeIgniter\View\View->CodeIgniter\View\{closure}()
#3 C:\xampp\htdocs\code4\system\Common.php(1089): CodeIgniter\View\View->render('actualizar', Array, true)
#4 C:\xampp\htdocs\code4\app\Controllers\Crud.php(101): view('actualizar', Array)
#5 C:\xampp\htdocs\code4\system\CodeIgniter.php(825): App\Controllers\Crud->obtenerNombre('assets', 'images', 'users', 'avatar-1.jpg')
#6 C:\xampp\htdocs\code4\system\CodeIgniter.php(412): CodeIgniter\CodeIgniter->runController(Object(App\Controllers\Crud))
#7 C:\xampp\htdocs\code4\system\CodeIgniter.php(320): CodeIgniter\CodeIgniter->handleRequest(NULL, Object(Config\Cache), false)
#8 C:\xampp\htdocs\code4\public\index.php(37): CodeIgniter\CodeIgniter->run()
#9 {main}
CRITICAL - 2022-02-28 07:02:30 --> Undefined array key 0
#0 C:\xampp\htdocs\code4\app\Views\actualizar.php(2): CodeIgniter\Debug\Exceptions->errorHandler(2, 'Undefined array...', 'C:\\xampp\\htdocs...', 2)
#1 C:\xampp\htdocs\code4\system\View\View.php(210): include('C:\\xampp\\htdocs...')
#2 C:\xampp\htdocs\code4\system\View\View.php(213): CodeIgniter\View\View->CodeIgniter\View\{closure}()
#3 C:\xampp\htdocs\code4\system\Common.php(1089): CodeIgniter\View\View->render('actualizar', Array, true)
#4 C:\xampp\htdocs\code4\app\Controllers\Crud.php(101): view('actualizar', Array)
#5 C:\xampp\htdocs\code4\system\CodeIgniter.php(825): App\Controllers\Crud->obtenerNombre('assets', 'images', 'users', 'avatar-1.jpg')
#6 C:\xampp\htdocs\code4\system\CodeIgniter.php(412): CodeIgniter\CodeIgniter->runController(Object(App\Controllers\Crud))
#7 C:\xampp\htdocs\code4\system\CodeIgniter.php(320): CodeIgniter\CodeIgniter->handleRequest(NULL, Object(Config\Cache), false)
#8 C:\xampp\htdocs\code4\public\index.php(37): CodeIgniter\CodeIgniter->run()
#9 {main}
CRITICAL - 2022-02-28 07:02:37 --> Undefined array key 0
#0 C:\xampp\htdocs\code4\app\Views\actualizar.php(2): CodeIgniter\Debug\Exceptions->errorHandler(2, 'Undefined array...', 'C:\\xampp\\htdocs...', 2)
#1 C:\xampp\htdocs\code4\system\View\View.php(210): include('C:\\xampp\\htdocs...')
#2 C:\xampp\htdocs\code4\system\View\View.php(213): CodeIgniter\View\View->CodeIgniter\View\{closure}()
#3 C:\xampp\htdocs\code4\system\Common.php(1089): CodeIgniter\View\View->render('actualizar', Array, true)
#4 C:\xampp\htdocs\code4\app\Controllers\Crud.php(101): view('actualizar', Array)
#5 C:\xampp\htdocs\code4\system\CodeIgniter.php(825): App\Controllers\Crud->obtenerNombre('assets', 'images', 'users', 'avatar-1.jpg')
#6 C:\xampp\htdocs\code4\system\CodeIgniter.php(412): CodeIgniter\CodeIgniter->runController(Object(App\Controllers\Crud))
#7 C:\xampp\htdocs\code4\system\CodeIgniter.php(320): CodeIgniter\CodeIgniter->handleRequest(NULL, Object(Config\Cache), false)
#8 C:\xampp\htdocs\code4\public\index.php(37): CodeIgniter\CodeIgniter->run()
#9 {main}
CRITICAL - 2022-02-28 07:02:40 --> Undefined array key 0
#0 C:\xampp\htdocs\code4\app\Views\actualizar.php(2): CodeIgniter\Debug\Exceptions->errorHandler(2, 'Undefined array...', 'C:\\xampp\\htdocs...', 2)
#1 C:\xampp\htdocs\code4\system\View\View.php(210): include('C:\\xampp\\htdocs...')
#2 C:\xampp\htdocs\code4\system\View\View.php(213): CodeIgniter\View\View->CodeIgniter\View\{closure}()
#3 C:\xampp\htdocs\code4\system\Common.php(1089): CodeIgniter\View\View->render('actualizar', Array, true)
#4 C:\xampp\htdocs\code4\app\Controllers\Crud.php(101): view('actualizar', Array)
#5 C:\xampp\htdocs\code4\system\CodeIgniter.php(825): App\Controllers\Crud->obtenerNombre('assets', 'images', 'users', 'avatar-1.jpg')
#6 C:\xampp\htdocs\code4\system\CodeIgniter.php(412): CodeIgniter\CodeIgniter->runController(Object(App\Controllers\Crud))
#7 C:\xampp\htdocs\code4\system\CodeIgniter.php(320): CodeIgniter\CodeIgniter->handleRequest(NULL, Object(Config\Cache), false)
#8 C:\xampp\htdocs\code4\public\index.php(37): CodeIgniter\CodeIgniter->run()
#9 {main}
CRITICAL - 2022-02-28 07:03:13 --> Undefined array key 0
#0 C:\xampp\htdocs\code4\app\Views\actualizar.php(2): CodeIgniter\Debug\Exceptions->errorHandler(2, 'Undefined array...', 'C:\\xampp\\htdocs...', 2)
#1 C:\xampp\htdocs\code4\system\View\View.php(210): include('C:\\xampp\\htdocs...')
#2 C:\xampp\htdocs\code4\system\View\View.php(213): CodeIgniter\View\View->CodeIgniter\View\{closure}()
#3 C:\xampp\htdocs\code4\system\Common.php(1089): CodeIgniter\View\View->render('actualizar', Array, true)
#4 C:\xampp\htdocs\code4\app\Controllers\Crud.php(101): view('actualizar', Array)
#5 C:\xampp\htdocs\code4\system\CodeIgniter.php(825): App\Controllers\Crud->obtenerNombre('assets', 'images', 'users', 'avatar-1.jpg')
#6 C:\xampp\htdocs\code4\system\CodeIgniter.php(412): CodeIgniter\CodeIgniter->runController(Object(App\Controllers\Crud))
#7 C:\xampp\htdocs\code4\system\CodeIgniter.php(320): CodeIgniter\CodeIgniter->handleRequest(NULL, Object(Config\Cache), false)
#8 C:\xampp\htdocs\code4\public\index.php(37): CodeIgniter\CodeIgniter->run()
#9 {main}
CRITICAL - 2022-02-28 07:03:14 --> Undefined array key 0
#0 C:\xampp\htdocs\code4\app\Views\actualizar.php(2): CodeIgniter\Debug\Exceptions->errorHandler(2, 'Undefined array...', 'C:\\xampp\\htdocs...', 2)
#1 C:\xampp\htdocs\code4\system\View\View.php(210): include('C:\\xampp\\htdocs...')
#2 C:\xampp\htdocs\code4\system\View\View.php(213): CodeIgniter\View\View->CodeIgniter\View\{closure}()
#3 C:\xampp\htdocs\code4\system\Common.php(1089): CodeIgniter\View\View->render('actualizar', Array, true)
#4 C:\xampp\htdocs\code4\app\Controllers\Crud.php(101): view('actualizar', Array)
#5 C:\xampp\htdocs\code4\system\CodeIgniter.php(825): App\Controllers\Crud->obtenerNombre('assets', 'images', 'users', 'avatar-1.jpg')
#6 C:\xampp\htdocs\code4\system\CodeIgniter.php(412): CodeIgniter\CodeIgniter->runController(Object(App\Controllers\Crud))
#7 C:\xampp\htdocs\code4\system\CodeIgniter.php(320): CodeIgniter\CodeIgniter->handleRequest(NULL, Object(Config\Cache), false)
#8 C:\xampp\htdocs\code4\public\index.php(37): CodeIgniter\CodeIgniter->run()
#9 {main}
CRITICAL - 2022-02-28 07:03:15 --> Undefined array key 0
#0 C:\xampp\htdocs\code4\app\Views\actualizar.php(2): CodeIgniter\Debug\Exceptions->errorHandler(2, 'Undefined array...', 'C:\\xampp\\htdocs...', 2)
#1 C:\xampp\htdocs\code4\system\View\View.php(210): include('C:\\xampp\\htdocs...')
#2 C:\xampp\htdocs\code4\system\View\View.php(213): CodeIgniter\View\View->CodeIgniter\View\{closure}()
#3 C:\xampp\htdocs\code4\system\Common.php(1089): CodeIgniter\View\View->render('actualizar', Array, true)
#4 C:\xampp\htdocs\code4\app\Controllers\Crud.php(101): view('actualizar', Array)
#5 C:\xampp\htdocs\code4\system\CodeIgniter.php(825): App\Controllers\Crud->obtenerNombre('assets', 'images', 'users', 'avatar-1.jpg')
#6 C:\xampp\htdocs\code4\system\CodeIgniter.php(412): CodeIgniter\CodeIgniter->runController(Object(App\Controllers\Crud))
#7 C:\xampp\htdocs\code4\system\CodeIgniter.php(320): CodeIgniter\CodeIgniter->handleRequest(NULL, Object(Config\Cache), false)
#8 C:\xampp\htdocs\code4\public\index.php(37): CodeIgniter\CodeIgniter->run()
#9 {main}
CRITICAL - 2022-02-28 07:03:18 --> Undefined array key 0
#0 C:\xampp\htdocs\code4\app\Views\actualizar.php(2): CodeIgniter\Debug\Exceptions->errorHandler(2, 'Undefined array...', 'C:\\xampp\\htdocs...', 2)
#1 C:\xampp\htdocs\code4\system\View\View.php(210): include('C:\\xampp\\htdocs...')
#2 C:\xampp\htdocs\code4\system\View\View.php(213): CodeIgniter\View\View->CodeIgniter\View\{closure}()
#3 C:\xampp\htdocs\code4\system\Common.php(1089): CodeIgniter\View\View->render('actualizar', Array, true)
#4 C:\xampp\htdocs\code4\app\Controllers\Crud.php(101): view('actualizar', Array)
#5 C:\xampp\htdocs\code4\system\CodeIgniter.php(825): App\Controllers\Crud->obtenerNombre('assets', 'images', 'users', 'avatar-1.jpg')
#6 C:\xampp\htdocs\code4\system\CodeIgniter.php(412): CodeIgniter\CodeIgniter->runController(Object(App\Controllers\Crud))
#7 C:\xampp\htdocs\code4\system\CodeIgniter.php(320): CodeIgniter\CodeIgniter->handleRequest(NULL, Object(Config\Cache), false)
#8 C:\xampp\htdocs\code4\public\index.php(37): CodeIgniter\CodeIgniter->run()
#9 {main}
CRITICAL - 2022-02-28 07:03:50 --> Undefined array key 0
#0 C:\xampp\htdocs\code4\app\Views\actualizar.php(2): CodeIgniter\Debug\Exceptions->errorHandler(2, 'Undefined array...', 'C:\\xampp\\htdocs...', 2)
#1 C:\xampp\htdocs\code4\system\View\View.php(210): include('C:\\xampp\\htdocs...')
#2 C:\xampp\htdocs\code4\system\View\View.php(213): CodeIgniter\View\View->CodeIgniter\View\{closure}()
#3 C:\xampp\htdocs\code4\system\Common.php(1089): CodeIgniter\View\View->render('actualizar', Array, true)
#4 C:\xampp\htdocs\code4\app\Controllers\Crud.php(101): view('actualizar', Array)
#5 C:\xampp\htdocs\code4\system\CodeIgniter.php(825): App\Controllers\Crud->obtenerNombre('assets', 'images', 'users', 'avatar-1.jpg')
#6 C:\xampp\htdocs\code4\system\CodeIgniter.php(412): CodeIgniter\CodeIgniter->runController(Object(App\Controllers\Crud))
#7 C:\xampp\htdocs\code4\system\CodeIgniter.php(320): CodeIgniter\CodeIgniter->handleRequest(NULL, Object(Config\Cache), false)
#8 C:\xampp\htdocs\code4\public\index.php(37): CodeIgniter\CodeIgniter->run()
#9 {main}
CRITICAL - 2022-02-28 07:05:58 --> Undefined array key 0
#0 C:\xampp\htdocs\code4\app\Views\actualizar.php(2): CodeIgniter\Debug\Exceptions->errorHandler(2, 'Undefined array...', 'C:\\xampp\\htdocs...', 2)
#1 C:\xampp\htdocs\code4\system\View\View.php(210): include('C:\\xampp\\htdocs...')
#2 C:\xampp\htdocs\code4\system\View\View.php(213): CodeIgniter\View\View->CodeIgniter\View\{closure}()
#3 C:\xampp\htdocs\code4\system\Common.php(1089): CodeIgniter\View\View->render('actualizar', Array, true)
#4 C:\xampp\htdocs\code4\app\Controllers\Crud.php(101): view('actualizar', Array)
#5 C:\xampp\htdocs\code4\system\CodeIgniter.php(825): App\Controllers\Crud->obtenerNombre('assets', 'images', 'users', 'avatar-1.jpg')
#6 C:\xampp\htdocs\code4\system\CodeIgniter.php(412): CodeIgniter\CodeIgniter->runController(Object(App\Controllers\Crud))
#7 C:\xampp\htdocs\code4\system\CodeIgniter.php(320): CodeIgniter\CodeIgniter->handleRequest(NULL, Object(Config\Cache), false)
#8 C:\xampp\htdocs\code4\public\index.php(37): CodeIgniter\CodeIgniter->run()
#9 {main}
CRITICAL - 2022-02-28 07:06:17 --> Undefined array key 0
#0 C:\xampp\htdocs\code4\app\Views\actualizar.php(2): CodeIgniter\Debug\Exceptions->errorHandler(2, 'Undefined array...', 'C:\\xampp\\htdocs...', 2)
#1 C:\xampp\htdocs\code4\system\View\View.php(210): include('C:\\xampp\\htdocs...')
#2 C:\xampp\htdocs\code4\system\View\View.php(213): CodeIgniter\View\View->CodeIgniter\View\{closure}()
#3 C:\xampp\htdocs\code4\system\Common.php(1089): CodeIgniter\View\View->render('actualizar', Array, true)
#4 C:\xampp\htdocs\code4\app\Controllers\Crud.php(101): view('actualizar', Array)
#5 C:\xampp\htdocs\code4\system\CodeIgniter.php(825): App\Controllers\Crud->obtenerNombre('assets', 'images', 'users', 'avatar-1.jpg')
#6 C:\xampp\htdocs\code4\system\CodeIgniter.php(412): CodeIgniter\CodeIgniter->runController(Object(App\Controllers\Crud))
#7 C:\xampp\htdocs\code4\system\CodeIgniter.php(320): CodeIgniter\CodeIgniter->handleRequest(NULL, Object(Config\Cache), false)
#8 C:\xampp\htdocs\code4\public\index.php(37): CodeIgniter\CodeIgniter->run()
#9 {main}
CRITICAL - 2022-02-28 07:06:17 --> Undefined array key 0
#0 C:\xampp\htdocs\code4\app\Views\actualizar.php(2): CodeIgniter\Debug\Exceptions->errorHandler(2, 'Undefined array...', 'C:\\xampp\\htdocs...', 2)
#1 C:\xampp\htdocs\code4\system\View\View.php(210): include('C:\\xampp\\htdocs...')
#2 C:\xampp\htdocs\code4\system\View\View.php(213): CodeIgniter\View\View->CodeIgniter\View\{closure}()
#3 C:\xampp\htdocs\code4\system\Common.php(1089): CodeIgniter\View\View->render('actualizar', Array, true)
#4 C:\xampp\htdocs\code4\app\Controllers\Crud.php(101): view('actualizar', Array)
#5 C:\xampp\htdocs\code4\system\CodeIgniter.php(825): App\Controllers\Crud->obtenerNombre('assets', 'images', 'users', 'avatar-1.jpg')
#6 C:\xampp\htdocs\code4\system\CodeIgniter.php(412): CodeIgniter\CodeIgniter->runController(Object(App\Controllers\Crud))
#7 C:\xampp\htdocs\code4\system\CodeIgniter.php(320): CodeIgniter\CodeIgniter->handleRequest(NULL, Object(Config\Cache), false)
#8 C:\xampp\htdocs\code4\public\index.php(37): CodeIgniter\CodeIgniter->run()
#9 {main}
CRITICAL - 2022-02-28 07:07:46 --> Undefined array key 0
#0 C:\xampp\htdocs\code4\app\Views\actualizar.php(2): CodeIgniter\Debug\Exceptions->errorHandler(2, 'Undefined array...', 'C:\\xampp\\htdocs...', 2)
#1 C:\xampp\htdocs\code4\system\View\View.php(210): include('C:\\xampp\\htdocs...')
#2 C:\xampp\htdocs\code4\system\View\View.php(213): CodeIgniter\View\View->CodeIgniter\View\{closure}()
#3 C:\xampp\htdocs\code4\system\Common.php(1089): CodeIgniter\View\View->render('actualizar', Array, true)
#4 C:\xampp\htdocs\code4\app\Controllers\Crud.php(101): view('actualizar', Array)
#5 C:\xampp\htdocs\code4\system\CodeIgniter.php(825): App\Controllers\Crud->obtenerNombre('assets', 'images', 'users', 'avatar-1.jpg')
#6 C:\xampp\htdocs\code4\system\CodeIgniter.php(412): CodeIgniter\CodeIgniter->runController(Object(App\Controllers\Crud))
#7 C:\xampp\htdocs\code4\system\CodeIgniter.php(320): CodeIgniter\CodeIgniter->handleRequest(NULL, Object(Config\Cache), false)
#8 C:\xampp\htdocs\code4\public\index.php(37): CodeIgniter\CodeIgniter->run()
#9 {main}
CRITICAL - 2022-02-28 08:39:06 --> Undefined array key 0
#0 C:\xampp\htdocs\code4\app\Views\actualizar.php(2): CodeIgniter\Debug\Exceptions->errorHandler(2, 'Undefined array...', 'C:\\xampp\\htdocs...', 2)
#1 C:\xampp\htdocs\code4\system\View\View.php(210): include('C:\\xampp\\htdocs...')
#2 C:\xampp\htdocs\code4\system\View\View.php(213): CodeIgniter\View\View->CodeIgniter\View\{closure}()
#3 C:\xampp\htdocs\code4\system\Common.php(1089): CodeIgniter\View\View->render('actualizar', Array, true)
#4 C:\xampp\htdocs\code4\app\Controllers\Crud.php(101): view('actualizar', Array)
#5 C:\xampp\htdocs\code4\system\CodeIgniter.php(825): App\Controllers\Crud->obtenerNombre('assets', 'images', 'users', 'avatar-1.jpg')
#6 C:\xampp\htdocs\code4\system\CodeIgniter.php(412): CodeIgniter\CodeIgniter->runController(Object(App\Controllers\Crud))
#7 C:\xampp\htdocs\code4\system\CodeIgniter.php(320): CodeIgniter\CodeIgniter->handleRequest(NULL, Object(Config\Cache), false)
#8 C:\xampp\htdocs\code4\public\index.php(37): CodeIgniter\CodeIgniter->run()
#9 {main}
